2025-04-09 23:10:17 [root] INFO: ==================================================
2025-04-09 23:10:17 [root] INFO: 网格交易系统启动
2025-04-09 23:10:17 [root] INFO: ==================================================
2025-04-09 23:10:17 [ExchangeClient] INFO: 交易所客户端初始化完成
2025-04-09 23:10:17 [OrderTracker] INFO: 加载了 10 条历史交易记录
2025-04-09 23:10:17 [PositionControllerS1] INFO: S1 Position Controller initialized. Lookback=52 days, Sell Target=50.0%, Buy Target=70.0%.
2025-04-09 23:10:17 [GridTrader] INFO: 正在加载市场数据...
2025-04-09 23:10:19 [ExchangeClient] INFO: 时间同步完成 | 时差: -3120ms
2025-04-09 23:10:35 [ExchangeClient] INFO: 市场数据加载成功 | 交易对: BNB/USDT
2025-04-09 23:10:37 [ExchangeClient] INFO: 理财账户余额: {'BNB': 0.22443688, 'USDT': 196.9771706}
2025-04-09 23:10:38 [GridTrader] INFO: 总资产: 784.82 USDT | 现货: 461.60 USDT (BNB: 0.2248, USDT: 335.14) | 理财: 323.22 USDT (BNB: 0.2244, USDT: 196.98)
2025-04-09 23:10:39 [GridTrader] INFO: 从理财赎回USDT: 0.1118560959999968
2025-04-09 23:10:40 [ExchangeClient] INFO: 找到USDT活期理财产品: USDT001
2025-04-09 23:10:40 [ExchangeClient] INFO: 开始赎回: 0.11 USDT 到现货
2025-04-09 23:10:41 [ExchangeClient] INFO: 划转成功: {'redeemId': '560984314', 'success': True}
2025-04-09 23:10:41 [GridTrader] INFO: 已从理财赎回 0.11 USDT
2025-04-09 23:10:41 [GridTrader] INFO: 发现可划转BNB: 0.001585353338429546
2025-04-09 23:10:41 [GridTrader] INFO: 可划转BNB (0.0016) 低于最小申购额 0.01 BNB，跳过申购
2025-04-09 23:10:41 [GridTrader] INFO: 资金分配完成
USDT: 322.44
BNB: 0.4493
2025-04-09 23:10:41 [GridTrader] INFO: 使用预设基准价: 550.7
2025-04-09 23:10:41 [GridTrader] INFO: 初始化完成 | 交易对: BNB/USDT | 基准价: 550.7
2025-04-09 23:10:41 [root] INFO: 正在发送推送通知: 交易信号通知
2025-04-09 23:10:41 [root] INFO: 消息推送成功: 网格交易启动成功
交易对: BNB/USDT
基准价: 550.7 USDT
网格大小: 2.0%
触发阈值: 0.4% (网格大小的1/5)
2025-04-09 23:10:42 [GridTrader] INFO: 市场当前价: 562.5100 | 价差: +2.14%
2025-04-09 23:10:42 [GridTrader] INFO: 正在获取最近10条交易记录...
2025-04-09 23:10:42 [ExchangeClient] INFO: 成功获取 10 条最近成交记录 for BNB/USDT
2025-04-09 23:10:42 [OrderTracker] INFO: 交易历史备份成功
2025-04-09 23:10:42 [OrderTracker] INFO: 已将 10 条交易记录保存到 d:\GridBNB-USDT\data\trade_history.json
2025-04-09 23:10:42 [GridTrader] INFO: 已使用最新的 10 条交易记录更新历史。
2025-04-09 23:10:42 [PositionControllerS1] INFO: S1: Time to update daily high/low levels...
2025-04-09 23:10:42 [root] INFO: Web服务已启动:
2025-04-09 23:10:42 [root] INFO: - 本地访问: http://localhost:58181
2025-04-09 23:10:42 [root] INFO: - 局域网访问: http://0.0.0.0:58181
2025-04-09 23:10:43 [PositionControllerS1] INFO: S1 Levels Updated: High=686.0400, Low=507.0000
2025-04-09 23:10:43 [GridTrader] INFO: 价格检查 | 当前: 562.51 | 上轨: 561.71 | 下轨: 539.69 | 基准: 550.70
2025-04-09 23:10:43 [GridTrader] INFO: 开始检查卖出信号...
2025-04-09 23:10:43 [GridTrader] INFO: 卖出监测 | 当前价: 562.51 | 触发价(动态): 560.25996 | 最高价: 562.51
2025-04-09 23:10:43 [GridTrader] INFO: 卖出条件检查 | 当前价: 562.51 | 最高价: 562.51 | 动态触发价: 560.25996 | 条件满足: 否
2025-04-09 23:10:43 [GridTrader] INFO: 卖出信号检查结果: 不满足条件
2025-04-09 23:10:43 [GridTrader] INFO: 开始检查买入信号...
2025-04-09 23:10:43 [GridTrader] INFO: 买入信号检查结果: 不满足条件
2025-04-09 23:10:44 [ExchangeClient] INFO: 理财账户余额: {'BNB': 0.22443688, 'USDT': 196.8671706}
2025-04-09 23:10:53 [GridTrader] INFO: 价格检查 | 当前: 562.38 | 上轨: 561.71 | 下轨: 539.69 | 基准: 550.70
2025-04-09 23:10:53 [GridTrader] INFO: 开始检查卖出信号...
2025-04-09 23:10:53 [GridTrader] INFO: 卖出条件检查 | 当前价: 562.38 | 最高价: 562.51 | 动态触发价: 560.25996 | 条件满足: 否
2025-04-09 23:10:53 [GridTrader] INFO: 卖出信号检查结果: 不满足条件
2025-04-09 23:10:53 [GridTrader] INFO: 开始检查买入信号...
2025-04-09 23:10:53 [GridTrader] INFO: 买入信号检查结果: 不满足条件
2025-04-09 23:11:00 [ExchangeClient] INFO: 交易所连接已安全关闭
2025-04-09 23:11:00 [root] INFO: 交易所连接已关闭
2025-04-09 23:11:18 [root] INFO: ==================================================
2025-04-09 23:11:18 [root] INFO: 网格交易系统启动
2025-04-09 23:11:18 [root] INFO: ==================================================
2025-04-09 23:11:18 [ExchangeClient] INFO: 交易所客户端初始化完成
2025-04-09 23:11:18 [OrderTracker] INFO: 加载了 10 条历史交易记录
2025-04-09 23:11:18 [PositionControllerS1] INFO: S1 Position Controller initialized. Lookback=52 days, Sell Target=50.0%, Buy Target=70.0%.
2025-04-09 23:11:18 [GridTrader] INFO: 正在加载市场数据...
2025-04-09 23:11:20 [ExchangeClient] INFO: 时间同步完成 | 时差: -3106ms
2025-04-09 23:11:29 [ExchangeClient] INFO: 市场数据加载成功 | 交易对: BNB/USDT
2025-04-09 23:11:32 [ExchangeClient] INFO: 理财账户余额: {'BNB': 0.22443688, 'USDT': 196.86717564}
2025-04-09 23:11:33 [GridTrader] INFO: 总资产: 784.90 USDT | 现货: 461.75 USDT (BNB: 0.2248, USDT: 335.25) | 理财: 323.15 USDT (BNB: 0.2244, USDT: 196.87)
2025-04-09 23:11:33 [GridTrader] INFO: 从理财赎回USDT: 0.013357884672018372
2025-04-09 23:11:34 [ExchangeClient] INFO: 找到USDT活期理财产品: USDT001
2025-04-09 23:11:34 [ExchangeClient] INFO: 开始赎回: 0.01 USDT 到现货
2025-04-09 23:11:36 [ExchangeClient] INFO: 划转成功: {'redeemId': '560984775', 'success': True}
2025-04-09 23:11:36 [GridTrader] INFO: 已从理财赎回 0.01 USDT
2025-04-09 23:11:36 [GridTrader] INFO: 发现可划转BNB: 0.0016244239038282204
2025-04-09 23:11:36 [GridTrader] INFO: 可划转BNB (0.0016) 低于最小申购额 0.01 BNB，跳过申购
2025-04-09 23:11:36 [GridTrader] INFO: 资金分配完成
USDT: 322.44
BNB: 0.4493
2025-04-09 23:11:36 [GridTrader] INFO: 使用预设基准价: 550.7
2025-04-09 23:11:36 [GridTrader] INFO: 初始化完成 | 交易对: BNB/USDT | 基准价: 550.7
2025-04-09 23:11:36 [root] INFO: 正在发送推送通知: 交易信号通知
2025-04-09 23:11:36 [root] INFO: 消息推送成功: 网格交易启动成功
交易对: BNB/USDT
基准价: 550.7 USDT
网格大小: 2.0%
触发阈值: 0.4% (网格大小的1/5)
2025-04-09 23:11:37 [GridTrader] INFO: 市场当前价: 562.6600 | 价差: +2.17%
2025-04-09 23:11:37 [GridTrader] INFO: 正在获取最近10条交易记录...
2025-04-09 23:11:37 [ExchangeClient] INFO: 成功获取 10 条最近成交记录 for BNB/USDT
2025-04-09 23:11:37 [OrderTracker] INFO: 交易历史备份成功
2025-04-09 23:11:37 [OrderTracker] INFO: 已将 10 条交易记录保存到 d:\GridBNB-USDT\data\trade_history.json
2025-04-09 23:11:37 [GridTrader] INFO: 已使用最新的 10 条交易记录更新历史。
2025-04-09 23:11:37 [PositionControllerS1] INFO: S1: Time to update daily high/low levels...
2025-04-09 23:11:37 [root] INFO: Web服务已启动:
2025-04-09 23:11:37 [root] INFO: - 本地访问: http://localhost:58181
2025-04-09 23:11:37 [root] INFO: - 局域网访问: http://0.0.0.0:58181
2025-04-09 23:11:38 [PositionControllerS1] INFO: S1 Levels Updated: High=686.0400, Low=507.0000
2025-04-09 23:11:39 [GridTrader] INFO: 价格检查 | 当前: 562.66 | 上轨: 561.71 | 下轨: 539.69 | 基准: 550.70
2025-04-09 23:11:39 [GridTrader] INFO: 开始检查卖出信号...
2025-04-09 23:11:39 [GridTrader] INFO: 卖出监测 | 当前价: 562.66 | 触发价(动态): 560.40936 | 最高价: 562.66
2025-04-09 23:11:39 [GridTrader] INFO: 卖出条件检查 | 当前价: 562.66 | 最高价: 562.66 | 动态触发价: 560.40936 | 条件满足: 否
2025-04-09 23:11:39 [GridTrader] INFO: 卖出信号检查结果: 不满足条件
2025-04-09 23:11:39 [GridTrader] INFO: 开始检查买入信号...
2025-04-09 23:11:39 [GridTrader] INFO: 买入信号检查结果: 不满足条件
2025-04-09 23:11:40 [ExchangeClient] INFO: 理财账户余额: {'BNB': 0.22443688, 'USDT': 196.85717564}
2025-04-09 23:11:49 [GridTrader] INFO: 价格检查 | 当前: 562.50 | 上轨: 561.71 | 下轨: 539.69 | 基准: 550.70
2025-04-09 23:11:49 [GridTrader] INFO: 开始检查卖出信号...
2025-04-09 23:11:49 [GridTrader] INFO: 卖出条件检查 | 当前价: 562.50 | 最高价: 562.66 | 动态触发价: 560.40936 | 条件满足: 否
2025-04-09 23:11:49 [GridTrader] INFO: 卖出信号检查结果: 不满足条件
2025-04-09 23:11:49 [GridTrader] INFO: 开始检查买入信号...
2025-04-09 23:11:49 [GridTrader] INFO: 买入信号检查结果: 不满足条件
2025-04-09 23:12:06 [root] INFO: ==================================================
2025-04-09 23:12:06 [root] INFO: 网格交易系统启动
2025-04-09 23:12:06 [root] INFO: ==================================================
2025-04-09 23:12:06 [ExchangeClient] INFO: 交易所客户端初始化完成
2025-04-09 23:12:06 [OrderTracker] INFO: 加载了 10 条历史交易记录
2025-04-09 23:12:06 [PositionControllerS1] INFO: S1 Position Controller initialized. Lookback=52 days, Sell Target=50.0%, Buy Target=70.0%.
2025-04-09 23:12:06 [GridTrader] INFO: 正在加载市场数据...
2025-04-09 23:12:08 [ExchangeClient] INFO: 时间同步完成 | 时差: -3070ms
2025-04-09 23:12:28 [ExchangeClient] INFO: 市场数据加载成功 | 交易对: BNB/USDT
2025-04-09 23:12:30 [ExchangeClient] INFO: 理财账户余额: {'BNB': 0.22443688, 'USDT': 196.85718068}
2025-04-09 23:12:32 [GridTrader] INFO: 总资产: 784.62 USDT | 现货: 461.62 USDT (BNB: 0.2248, USDT: 335.26) | 理财: 323.00 USDT (BNB: 0.2244, USDT: 196.86)
2025-04-09 23:12:32 [GridTrader] INFO: 发现可划转USDT: 0.04048880384000597
2025-04-09 23:12:32 [GridTrader] INFO: 可划转USDT (0.04) 低于最小申购额 1.0 USDT，跳过申购
2025-04-09 23:12:32 [GridTrader] INFO: 发现可划转BNB: 0.0014522503977367762
2025-04-09 23:12:32 [GridTrader] INFO: 可划转BNB (0.0015) 低于最小申购额 0.01 BNB，跳过申购
2025-04-09 23:12:32 [GridTrader] INFO: 资金分配完成
USDT: 322.44
BNB: 0.4493
2025-04-09 23:12:32 [GridTrader] INFO: 使用预设基准价: 540.7
2025-04-09 23:12:32 [GridTrader] INFO: 初始化完成 | 交易对: BNB/USDT | 基准价: 540.7
2025-04-09 23:12:32 [root] INFO: 正在发送推送通知: 交易信号通知
2025-04-09 23:12:32 [root] INFO: 消息推送成功: 网格交易启动成功
交易对: BNB/USDT
基准价: 540.7 USDT
网格大小: 2.0%
触发阈值: 0.4% (网格大小的1/5)
2025-04-09 23:12:33 [GridTrader] INFO: 市场当前价: 561.9100 | 价差: +3.92%
2025-04-09 23:12:33 [GridTrader] INFO: 正在获取最近10条交易记录...
2025-04-09 23:12:33 [ExchangeClient] INFO: 成功获取 10 条最近成交记录 for BNB/USDT
2025-04-09 23:12:33 [OrderTracker] INFO: 交易历史备份成功
2025-04-09 23:12:33 [OrderTracker] INFO: 已将 10 条交易记录保存到 d:\GridBNB-USDT\data\trade_history.json
2025-04-09 23:12:33 [GridTrader] INFO: 已使用最新的 10 条交易记录更新历史。
2025-04-09 23:12:33 [PositionControllerS1] INFO: S1: Time to update daily high/low levels...
2025-04-09 23:12:33 [root] INFO: Web服务已启动:
2025-04-09 23:12:33 [root] INFO: - 本地访问: http://localhost:58181
2025-04-09 23:12:33 [root] INFO: - 局域网访问: http://0.0.0.0:58181
2025-04-09 23:12:34 [PositionControllerS1] INFO: S1 Levels Updated: High=686.0400, Low=507.0000
2025-04-09 23:12:34 [GridTrader] INFO: 价格检查 | 当前: 561.98 | 上轨: 551.51 | 下轨: 529.89 | 基准: 540.70
2025-04-09 23:12:34 [GridTrader] INFO: 开始检查卖出信号...
2025-04-09 23:12:34 [GridTrader] INFO: 卖出监测 | 当前价: 561.98 | 触发价(动态): 559.73208 | 最高价: 561.98
2025-04-09 23:12:34 [GridTrader] INFO: 卖出条件检查 | 当前价: 561.98 | 最高价: 561.98 | 动态触发价: 559.73208 | 条件满足: 否
2025-04-09 23:12:34 [GridTrader] INFO: 卖出信号检查结果: 不满足条件
2025-04-09 23:12:34 [GridTrader] INFO: 开始检查买入信号...
2025-04-09 23:12:34 [GridTrader] INFO: 买入信号检查结果: 不满足条件
2025-04-09 23:12:41 [GridTrader] INFO: 价格检查 | 当前: 562.12 | 上轨: 551.51 | 下轨: 529.89 | 基准: 540.70
2025-04-09 23:12:41 [GridTrader] INFO: 开始检查卖出信号...
2025-04-09 23:12:41 [GridTrader] INFO: 卖出监测 | 当前价: 562.12 | 触发价(动态): 559.87152 | 最高价: 562.12
2025-04-09 23:12:41 [GridTrader] INFO: 卖出条件检查 | 当前价: 562.12 | 最高价: 562.12 | 动态触发价: 559.87152 | 条件满足: 否
2025-04-09 23:12:41 [GridTrader] INFO: 卖出信号检查结果: 不满足条件
2025-04-09 23:12:41 [GridTrader] INFO: 开始检查买入信号...
2025-04-09 23:12:41 [GridTrader] INFO: 买入信号检查结果: 不满足条件
2025-04-09 23:12:48 [GridTrader] INFO: 价格检查 | 当前: 562.20 | 上轨: 551.51 | 下轨: 529.89 | 基准: 540.70
2025-04-09 23:12:48 [GridTrader] INFO: 开始检查卖出信号...
2025-04-09 23:12:48 [GridTrader] INFO: 卖出监测 | 当前价: 562.20 | 触发价(动态): 559.95120 | 最高价: 562.20
2025-04-09 23:12:48 [GridTrader] INFO: 卖出条件检查 | 当前价: 562.20 | 最高价: 562.20 | 动态触发价: 559.95120 | 条件满足: 否
2025-04-09 23:12:48 [GridTrader] INFO: 卖出信号检查结果: 不满足条件
2025-04-09 23:12:48 [GridTrader] INFO: 开始检查买入信号...
2025-04-09 23:12:48 [GridTrader] INFO: 买入信号检查结果: 不满足条件
2025-04-09 23:12:55 [GridTrader] INFO: 价格检查 | 当前: 562.24 | 上轨: 551.51 | 下轨: 529.89 | 基准: 540.70
2025-04-09 23:12:55 [GridTrader] INFO: 开始检查卖出信号...
2025-04-09 23:12:55 [GridTrader] INFO: 卖出监测 | 当前价: 562.24 | 触发价(动态): 559.99104 | 最高价: 562.24
2025-04-09 23:12:55 [GridTrader] INFO: 卖出条件检查 | 当前价: 562.24 | 最高价: 562.24 | 动态触发价: 559.99104 | 条件满足: 否
2025-04-09 23:12:55 [GridTrader] INFO: 卖出信号检查结果: 不满足条件
2025-04-09 23:12:55 [GridTrader] INFO: 开始检查买入信号...
2025-04-09 23:12:55 [GridTrader] INFO: 买入信号检查结果: 不满足条件
2025-04-09 23:13:02 [GridTrader] INFO: 价格检查 | 当前: 562.24 | 上轨: 551.51 | 下轨: 529.89 | 基准: 540.70
2025-04-09 23:13:02 [GridTrader] INFO: 开始检查卖出信号...
2025-04-09 23:13:02 [GridTrader] INFO: 卖出条件检查 | 当前价: 562.24 | 最高价: 562.24 | 动态触发价: 559.99104 | 条件满足: 否
2025-04-09 23:13:02 [GridTrader] INFO: 卖出信号检查结果: 不满足条件
2025-04-09 23:13:02 [GridTrader] INFO: 开始检查买入信号...
2025-04-09 23:13:02 [GridTrader] INFO: 买入信号检查结果: 不满足条件
2025-04-09 23:13:27 [root] INFO: ==================================================
2025-04-09 23:13:27 [root] INFO: 网格交易系统启动
2025-04-09 23:13:27 [root] INFO: ==================================================
2025-04-09 23:13:27 [ExchangeClient] INFO: 交易所客户端初始化完成
2025-04-09 23:13:27 [OrderTracker] INFO: 加载了 10 条历史交易记录
2025-04-09 23:13:27 [PositionControllerS1] INFO: S1 Position Controller initialized. Lookback=52 days, Sell Target=50.0%, Buy Target=70.0%.
2025-04-09 23:13:27 [GridTrader] INFO: 正在加载市场数据...
2025-04-09 23:13:32 [ExchangeClient] INFO: 时间同步完成 | 时差: -3091ms
2025-04-09 23:13:40 [ExchangeClient] INFO: 市场数据加载成功 | 交易对: BNB/USDT
2025-04-09 23:13:43 [ExchangeClient] INFO: 理财账户余额: {'BNB': 0.22443688, 'USDT': 196.85718572}
2025-04-09 23:13:44 [GridTrader] INFO: 总资产: 784.53 USDT | 现货: 461.57 USDT (BNB: 0.2248, USDT: 335.26) | 理财: 322.95 USDT (BNB: 0.2244, USDT: 196.86)
2025-04-09 23:13:44 [GridTrader] INFO: 发现可划转USDT: 0.05558303667199027
2025-04-09 23:13:44 [GridTrader] INFO: 可划转USDT (0.06) 低于最小申购额 1.0 USDT，跳过申购
2025-04-09 23:13:44 [GridTrader] INFO: 发现可划转BNB: 0.0013956254200135354
2025-04-09 23:13:44 [GridTrader] INFO: 可划转BNB (0.0014) 低于最小申购额 0.01 BNB，跳过申购
2025-04-09 23:13:44 [GridTrader] INFO: 资金分配完成
USDT: 322.44
BNB: 0.4493
2025-04-09 23:13:44 [GridTrader] INFO: 使用预设基准价: 540.7
2025-04-09 23:13:44 [GridTrader] INFO: 初始化完成 | 交易对: BNB/USDT | 基准价: 540.7
2025-04-09 23:13:44 [root] INFO: 正在发送推送通知: 交易信号通知
2025-04-09 23:13:44 [root] INFO: 消息推送成功: 网格交易启动成功
交易对: BNB/USDT
基准价: 540.7 USDT
网格大小: 2.0%
触发阈值: 0.4% (网格大小的1/5)
2025-04-09 23:13:45 [GridTrader] INFO: 市场当前价: 561.8100 | 价差: +3.90%
2025-04-09 23:13:45 [GridTrader] INFO: 正在获取最近10条交易记录...
2025-04-09 23:13:46 [ExchangeClient] INFO: 成功获取 10 条最近成交记录 for BNB/USDT
2025-04-09 23:13:46 [OrderTracker] INFO: 交易历史备份成功
2025-04-09 23:13:46 [OrderTracker] INFO: 已将 10 条交易记录保存到 d:\GridBNB-USDT\data\trade_history.json
2025-04-09 23:13:46 [GridTrader] INFO: 已使用最新的 10 条交易记录更新历史。
2025-04-09 23:13:46 [PositionControllerS1] INFO: S1: Time to update daily high/low levels...
2025-04-09 23:13:46 [root] INFO: Web服务已启动:
2025-04-09 23:13:46 [root] INFO: - 本地访问: http://localhost:58181
2025-04-09 23:13:46 [root] INFO: - 局域网访问: http://0.0.0.0:58181
2025-04-09 23:13:47 [PositionControllerS1] INFO: S1 Levels Updated: High=686.0400, Low=507.0000
2025-04-09 23:13:47 [GridTrader] INFO: 价格检查 | 当前: 561.78 | 上轨: 551.51 | 下轨: 529.89 | 基准: 540.70
2025-04-09 23:13:47 [GridTrader] INFO: 开始检查卖出信号...
2025-04-09 23:13:47 [GridTrader] INFO: 卖出监测 | 当前价: 561.78 | 触发价(动态): 559.53288 | 最高价: 561.78
2025-04-09 23:13:47 [GridTrader] INFO: 卖出条件检查 | 当前价: 561.78 | 最高价: 561.78 | 动态触发价: 559.53288 | 条件满足: 否
2025-04-09 23:13:47 [GridTrader] INFO: 卖出信号检查结果: 不满足条件
2025-04-09 23:13:47 [GridTrader] INFO: 开始检查买入信号...
2025-04-09 23:13:47 [GridTrader] INFO: 买入信号检查结果: 不满足条件
2025-04-09 23:13:56 [GridTrader] INFO: 价格检查 | 当前: 561.60 | 上轨: 551.51 | 下轨: 529.89 | 基准: 540.70
2025-04-09 23:13:56 [GridTrader] INFO: 开始检查卖出信号...
2025-04-09 23:13:56 [GridTrader] INFO: 卖出条件检查 | 当前价: 561.60 | 最高价: 561.78 | 动态触发价: 559.53288 | 条件满足: 否
2025-04-09 23:13:56 [GridTrader] INFO: 卖出信号检查结果: 不满足条件
2025-04-09 23:13:56 [GridTrader] INFO: 开始检查买入信号...
2025-04-09 23:13:56 [GridTrader] INFO: 买入信号检查结果: 不满足条件
2025-04-09 23:14:04 [GridTrader] INFO: 价格检查 | 当前: 561.97 | 上轨: 551.51 | 下轨: 529.89 | 基准: 540.70
2025-04-09 23:14:04 [GridTrader] INFO: 开始检查卖出信号...
2025-04-09 23:14:04 [GridTrader] INFO: 卖出监测 | 当前价: 561.97 | 触发价(动态): 559.72212 | 最高价: 561.97
2025-04-09 23:14:04 [GridTrader] INFO: 卖出条件检查 | 当前价: 561.97 | 最高价: 561.97 | 动态触发价: 559.72212 | 条件满足: 否
2025-04-09 23:14:04 [GridTrader] INFO: 卖出信号检查结果: 不满足条件
2025-04-09 23:14:04 [GridTrader] INFO: 开始检查买入信号...
2025-04-09 23:14:04 [GridTrader] INFO: 买入信号检查结果: 不满足条件
2025-04-09 23:14:11 [GridTrader] INFO: 价格检查 | 当前: 562.10 | 上轨: 551.51 | 下轨: 529.89 | 基准: 540.70
2025-04-09 23:14:11 [GridTrader] INFO: 开始检查卖出信号...
2025-04-09 23:14:11 [GridTrader] INFO: 卖出监测 | 当前价: 562.10 | 触发价(动态): 559.85160 | 最高价: 562.10
2025-04-09 23:14:11 [GridTrader] INFO: 卖出条件检查 | 当前价: 562.10 | 最高价: 562.10 | 动态触发价: 559.85160 | 条件满足: 否
2025-04-09 23:14:11 [GridTrader] INFO: 卖出信号检查结果: 不满足条件
2025-04-09 23:14:11 [GridTrader] INFO: 开始检查买入信号...
2025-04-09 23:14:11 [GridTrader] INFO: 买入信号检查结果: 不满足条件
2025-04-09 23:14:20 [GridTrader] INFO: 价格检查 | 当前: 562.45 | 上轨: 551.51 | 下轨: 529.89 | 基准: 540.70
2025-04-09 23:14:20 [GridTrader] INFO: 开始检查卖出信号...
2025-04-09 23:14:20 [GridTrader] INFO: 卖出监测 | 当前价: 562.45 | 触发价(动态): 560.20020 | 最高价: 562.45
2025-04-09 23:14:20 [GridTrader] INFO: 卖出条件检查 | 当前价: 562.45 | 最高价: 562.45 | 动态触发价: 560.20020 | 条件满足: 否
2025-04-09 23:14:20 [GridTrader] INFO: 卖出信号检查结果: 不满足条件
2025-04-09 23:14:20 [GridTrader] INFO: 开始检查买入信号...
2025-04-09 23:14:20 [GridTrader] INFO: 买入信号检查结果: 不满足条件
2025-04-09 23:14:28 [GridTrader] INFO: 价格检查 | 当前: 562.44 | 上轨: 551.51 | 下轨: 529.89 | 基准: 540.70
2025-04-09 23:14:28 [GridTrader] INFO: 开始检查卖出信号...
2025-04-09 23:14:28 [GridTrader] INFO: 卖出条件检查 | 当前价: 562.44 | 最高价: 562.45 | 动态触发价: 560.20020 | 条件满足: 否
2025-04-09 23:14:28 [GridTrader] INFO: 卖出信号检查结果: 不满足条件
2025-04-09 23:14:28 [GridTrader] INFO: 开始检查买入信号...
2025-04-09 23:14:28 [GridTrader] INFO: 买入信号检查结果: 不满足条件
2025-04-09 23:14:35 [GridTrader] INFO: 价格检查 | 当前: 562.43 | 上轨: 551.51 | 下轨: 529.89 | 基准: 540.70
2025-04-09 23:14:35 [GridTrader] INFO: 开始检查卖出信号...
2025-04-09 23:14:35 [GridTrader] INFO: 卖出条件检查 | 当前价: 562.43 | 最高价: 562.45 | 动态触发价: 560.20020 | 条件满足: 否
2025-04-09 23:14:35 [GridTrader] INFO: 卖出信号检查结果: 不满足条件
2025-04-09 23:14:35 [GridTrader] INFO: 开始检查买入信号...
2025-04-09 23:14:35 [GridTrader] INFO: 买入信号检查结果: 不满足条件
2025-04-09 23:14:42 [GridTrader] INFO: 价格检查 | 当前: 562.41 | 上轨: 551.51 | 下轨: 529.89 | 基准: 540.70
2025-04-09 23:14:42 [GridTrader] INFO: 开始检查卖出信号...
2025-04-09 23:14:42 [GridTrader] INFO: 卖出条件检查 | 当前价: 562.41 | 最高价: 562.45 | 动态触发价: 560.20020 | 条件满足: 否
2025-04-09 23:14:42 [GridTrader] INFO: 卖出信号检查结果: 不满足条件
2025-04-09 23:14:42 [GridTrader] INFO: 开始检查买入信号...
2025-04-09 23:14:42 [GridTrader] INFO: 买入信号检查结果: 不满足条件
2025-04-09 23:14:53 [GridTrader] INFO: 价格检查 | 当前: 562.37 | 上轨: 551.51 | 下轨: 529.89 | 基准: 540.70
2025-04-09 23:14:53 [GridTrader] INFO: 开始检查卖出信号...
2025-04-09 23:14:53 [GridTrader] INFO: 卖出条件检查 | 当前价: 562.37 | 最高价: 562.45 | 动态触发价: 560.20020 | 条件满足: 否
2025-04-09 23:14:53 [GridTrader] INFO: 卖出信号检查结果: 不满足条件
2025-04-09 23:14:53 [GridTrader] INFO: 开始检查买入信号...
2025-04-09 23:14:53 [GridTrader] INFO: 买入信号检查结果: 不满足条件
2025-04-09 23:15:00 [GridTrader] INFO: 价格检查 | 当前: 562.36 | 上轨: 551.51 | 下轨: 529.89 | 基准: 540.70
2025-04-09 23:15:00 [GridTrader] INFO: 开始检查卖出信号...
2025-04-09 23:15:00 [GridTrader] INFO: 卖出条件检查 | 当前价: 562.36 | 最高价: 562.45 | 动态触发价: 560.20020 | 条件满足: 否
2025-04-09 23:15:00 [GridTrader] INFO: 卖出信号检查结果: 不满足条件
2025-04-09 23:15:00 [GridTrader] INFO: 开始检查买入信号...
2025-04-09 23:15:00 [GridTrader] INFO: 买入信号检查结果: 不满足条件
2025-04-09 23:15:07 [GridTrader] INFO: 价格检查 | 当前: 562.77 | 上轨: 551.51 | 下轨: 529.89 | 基准: 540.70
2025-04-09 23:15:07 [GridTrader] INFO: 开始检查卖出信号...
2025-04-09 23:15:07 [GridTrader] INFO: 卖出监测 | 当前价: 562.77 | 触发价(动态): 560.51892 | 最高价: 562.77
2025-04-09 23:15:07 [GridTrader] INFO: 卖出条件检查 | 当前价: 562.77 | 最高价: 562.77 | 动态触发价: 560.51892 | 条件满足: 否
2025-04-09 23:15:07 [GridTrader] INFO: 卖出信号检查结果: 不满足条件
2025-04-09 23:15:07 [GridTrader] INFO: 开始检查买入信号...
2025-04-09 23:15:07 [GridTrader] INFO: 买入信号检查结果: 不满足条件
2025-04-09 23:15:14 [ExchangeClient] INFO: 交易所连接已安全关闭
2025-04-09 23:15:14 [root] INFO: 交易所连接已关闭
2025-04-09 23:15:46 [root] INFO: ==================================================
2025-04-09 23:15:46 [root] INFO: 网格交易系统启动
2025-04-09 23:15:46 [root] INFO: ==================================================
2025-04-09 23:15:47 [ExchangeClient] INFO: 交易所客户端初始化完成
2025-04-09 23:15:47 [OrderTracker] INFO: 加载了 10 条历史交易记录
2025-04-09 23:15:47 [PositionControllerS1] INFO: S1 Position Controller initialized. Lookback=52 days, Sell Target=50.0%, Buy Target=70.0%.
2025-04-09 23:15:47 [GridTrader] INFO: 正在加载市场数据...
2025-04-09 23:15:49 [ExchangeClient] INFO: 时间同步完成 | 时差: -3063ms
2025-04-09 23:15:55 [ExchangeClient] INFO: 市场数据加载成功 | 交易对: BNB/USDT
2025-04-09 23:15:58 [ExchangeClient] INFO: 理财账户余额: {'BNB': 0.22443688, 'USDT': 196.85719579}
2025-04-09 23:15:59 [GridTrader] INFO: 总资产: 785.13 USDT | 现货: 461.88 USDT (BNB: 0.2248, USDT: 335.26) | 理财: 323.26 USDT (BNB: 0.2244, USDT: 196.86)
2025-04-09 23:16:00 [GridTrader] INFO: 从理财赎回USDT: 0.04145811244799802
2025-04-09 23:16:00 [ExchangeClient] INFO: 找到USDT活期理财产品: USDT001
2025-04-09 23:16:00 [ExchangeClient] INFO: 开始赎回: 0.04 USDT 到现货
2025-04-09 23:16:02 [ExchangeClient] INFO: 划转成功: {'redeemId': '560987100', 'success': True}
2025-04-09 23:16:02 [GridTrader] INFO: 已从理财赎回 0.04 USDT
2025-04-09 23:16:02 [GridTrader] INFO: 发现可划转BNB: 0.001770776021931847
2025-04-09 23:16:02 [GridTrader] INFO: 可划转BNB (0.0018) 低于最小申购额 0.01 BNB，跳过申购
2025-04-09 23:16:02 [GridTrader] INFO: 资金分配完成
USDT: 322.44
BNB: 0.4493
2025-04-09 23:16:02 [GridTrader] INFO: 使用预设基准价: 540.7
2025-04-09 23:16:02 [GridTrader] INFO: 初始化完成 | 交易对: BNB/USDT | 基准价: 540.7
2025-04-09 23:16:02 [root] INFO: 正在发送推送通知: 交易信号通知
2025-04-09 23:16:02 [root] INFO: 消息推送成功: 网格交易启动成功
交易对: BNB/USDT
基准价: 540.7 USDT
网格大小: 2.0%
触发阈值: 0.02% (网格大小的1/5)
2025-04-09 23:16:03 [GridTrader] INFO: 市场当前价: 563.3200 | 价差: +4.18%
2025-04-09 23:16:03 [GridTrader] INFO: 正在获取最近10条交易记录...
2025-04-09 23:16:03 [ExchangeClient] INFO: 成功获取 10 条最近成交记录 for BNB/USDT
2025-04-09 23:16:03 [OrderTracker] INFO: 交易历史备份成功
2025-04-09 23:16:03 [OrderTracker] INFO: 已将 10 条交易记录保存到 d:\GridBNB-USDT\data\trade_history.json
2025-04-09 23:16:03 [GridTrader] INFO: 已使用最新的 10 条交易记录更新历史。
2025-04-09 23:16:03 [PositionControllerS1] INFO: S1: Time to update daily high/low levels...
2025-04-09 23:16:03 [root] INFO: Web服务已启动:
2025-04-09 23:16:03 [root] INFO: - 本地访问: http://localhost:58181
2025-04-09 23:16:03 [root] INFO: - 局域网访问: http://0.0.0.0:58181
2025-04-09 23:16:04 [PositionControllerS1] INFO: S1 Levels Updated: High=686.0400, Low=507.0000
2025-04-09 23:16:04 [GridTrader] INFO: 价格检查 | 当前: 563.39 | 上轨: 551.51 | 下轨: 529.89 | 基准: 540.70
2025-04-09 23:16:04 [GridTrader] INFO: 开始检查卖出信号...
2025-04-09 23:16:04 [GridTrader] INFO: 卖出监测 | 当前价: 563.39 | 触发价(动态): 563.27732 | 最高价: 563.39
2025-04-09 23:16:04 [GridTrader] INFO: 卖出条件检查 | 当前价: 563.39 | 最高价: 563.39 | 动态触发价: 563.27732 | 条件满足: 否
2025-04-09 23:16:04 [GridTrader] INFO: 卖出信号检查结果: 不满足条件
2025-04-09 23:16:04 [GridTrader] INFO: 开始检查买入信号...
2025-04-09 23:16:04 [GridTrader] INFO: 买入信号检查结果: 不满足条件
2025-04-09 23:16:06 [ExchangeClient] INFO: 理财账户余额: {'BNB': 0.22443688, 'USDT': 196.8171958}
2025-04-09 23:16:13 [GridTrader] INFO: 价格检查 | 当前: 563.16 | 上轨: 551.51 | 下轨: 529.89 | 基准: 540.70
2025-04-09 23:16:13 [GridTrader] INFO: 开始检查卖出信号...
2025-04-09 23:16:13 [GridTrader] INFO: 卖出条件检查 | 当前价: 563.16 | 最高价: 563.39 | 动态触发价: 563.27732 | 条件满足: 是
2025-04-09 23:16:13 [GridTrader] INFO: 触发卖出信号 | 当前价: 563.16 | 目标价: 563.27732 | 最高价: 563.39 | 已下跌: 0.04%
2025-04-09 23:16:13 [GridTrader] INFO: 开始检查卖出余额
2025-04-09 23:16:13 [GridTrader] INFO: BNB可用余额: 0.22482024
2025-04-09 23:16:13 [GridTrader] INFO: 卖出最低数量: 0.03551389 BNB (含5%余量: 0.03728958)
2025-04-09 23:16:13 [GridTrader] INFO: 余额检查通过: 可卖出 0.22482024 BNB
2025-04-09 23:16:13 [GridTrader] INFO: 卖出信号检查结果: 满足条件，即将执行卖出
2025-04-09 23:16:13 [GridTrader] INFO: 开始执行sell单 | 当前价格: 563.16
2025-04-09 23:16:14 [GridTrader] INFO: 订单价格确定: 563.15 | 类型: sell
2025-04-09 23:16:14 [GridTrader] INFO: 目标订单金额计算 | 总资产: 785.13 USDT | 计算金额 (10%): 78.51 USDT
2025-04-09 23:16:14 [GridTrader] INFO: 计算交易数量: 0.139 BNB | 金额: 78.51 USDT
2025-04-09 23:16:14 [GridTrader] INFO: 开始检查卖出余额
2025-04-09 23:16:14 [GridTrader] INFO: BNB可用余额: 0.22482024
2025-04-09 23:16:14 [GridTrader] INFO: 卖出最低数量: 0.03551389 BNB (含5%余量: 0.03728958)
2025-04-09 23:16:14 [GridTrader] INFO: 余额检查通过: 可卖出 0.22482024 BNB
2025-04-09 23:16:14 [GridTrader] INFO: 尝试第 1/10 次 sell 单 | 价格: 563.15 | 金额: 78.51 USDT | 数量: 0.13900000 BNB
2025-04-09 23:16:14 [GridTrader] INFO: 准备下单 | 方向: sell | 价格: 563.15 | 数量: 0.139
2025-04-09 23:16:14 [GridTrader] INFO: BNB可用余额: 0.213579 | 所需: 0.139000
2025-04-09 23:16:14 [GridTrader] INFO: 正在执行下单 | 交易对: BNB/USDT | 类型: sell | 价格: 563.15 | 数量: 0.139
2025-04-09 23:16:14 [ExchangeClient] INFO: 时间同步完成 | 时差: -3081ms
2025-04-09 23:16:15 [GridTrader] INFO: 下单完成 | 订单ID: 7839486424 | 耗时: 0.990秒
2025-04-09 23:16:15 [OrderTracker] INFO: 订单已添加到跟踪器 | ID: 7839486424 | 状态: closed
2025-04-09 23:16:15 [GridTrader] INFO: 订单已提交，等待 3 秒后检查状态
2025-04-09 23:16:18 [GridTrader] INFO: 订单已成交 | ID: 7839486424
2025-04-09 23:16:18 [OrderTracker] INFO: 添加交易记录: {'timestamp': 1744211778.790326, 'side': 'sell', 'price': 563.15, 'amount': 0.139, 'order_id': '7839486424'}
2025-04-09 23:16:18 [OrderTracker] INFO: 交易历史备份成功
2025-04-09 23:16:19 [GridTrader] INFO: 更新总资产: 785.14 USDT
2025-04-09 23:16:19 [GridTrader] INFO: 基准价已更新: 563.15
2025-04-09 23:16:19 [root] INFO: 正在发送推送通知: 交易成功通知
2025-04-09 23:16:19 [root] INFO: 消息推送成功: 
🔴 卖出 BNB/USDT
━━━━━━━━━━━━━━━━━━━━
💰 价格：563.15 USDT
📊 数量：0.1390 BNB
💵 金额：78.28 USDT
📈 网格：2.0%
🔄 尝试：1/10次
⏰ 时间：2025-04-09 23:16:19
2025-04-09 23:16:19 [GridTrader] INFO: 资金转移检查 | 总资产: 785.13 USDT | 目标USDT持有: 125.62 | 现货USDT: 125.62 | 目标BNB持有(等值): 125.62 USDT (0.2230 BNB) | 现货BNB: 0.2248
2025-04-09 23:16:19 [GridTrader] INFO: BNB超出部分 (0.0018) 低于最小申购额 0.01 BNB，不执行划转
2025-04-09 23:16:19 [GridTrader] INFO: 无需转移资金到理财账户
2025-04-09 23:16:25 [GridTrader] INFO: 价格检查 | 当前: 563.08 | 上轨: 574.41 | 下轨: 551.89 | 基准: 563.15
2025-04-09 23:16:25 [GridTrader] INFO: 开始检查卖出信号...
2025-04-09 23:16:25 [GridTrader] INFO: 卖出信号检查结果: 不满足条件
2025-04-09 23:16:25 [GridTrader] INFO: 开始检查买入信号...
2025-04-09 23:16:25 [GridTrader] INFO: 买入信号检查结果: 不满足条件
2025-04-09 23:16:32 [GridTrader] INFO: 价格检查 | 当前: 563.08 | 上轨: 574.41 | 下轨: 551.89 | 基准: 563.15
2025-04-09 23:16:32 [GridTrader] INFO: 开始检查卖出信号...
2025-04-09 23:16:32 [GridTrader] INFO: 卖出信号检查结果: 不满足条件
2025-04-09 23:16:32 [GridTrader] INFO: 开始检查买入信号...
2025-04-09 23:16:32 [GridTrader] INFO: 买入信号检查结果: 不满足条件
2025-04-09 23:16:39 [GridTrader] INFO: 价格检查 | 当前: 563.10 | 上轨: 574.41 | 下轨: 551.89 | 基准: 563.15
2025-04-09 23:16:39 [GridTrader] INFO: 开始检查卖出信号...
2025-04-09 23:16:39 [GridTrader] INFO: 卖出信号检查结果: 不满足条件
2025-04-09 23:16:39 [GridTrader] INFO: 开始检查买入信号...
2025-04-09 23:16:39 [GridTrader] INFO: 买入信号检查结果: 不满足条件
2025-04-09 23:16:41 [AdvancedRiskManager] INFO: 风控检查 | 当前仓位比例: 27.16% | 最大允许比例: 90.00% | 最小底仓比例: 10.00%
2025-04-09 23:16:48 [GridTrader] INFO: 价格检查 | 当前: 563.22 | 上轨: 574.41 | 下轨: 551.89 | 基准: 563.15
2025-04-09 23:16:48 [GridTrader] INFO: 开始检查卖出信号...
2025-04-09 23:16:48 [GridTrader] INFO: 卖出信号检查结果: 不满足条件
2025-04-09 23:16:48 [GridTrader] INFO: 开始检查买入信号...
2025-04-09 23:16:48 [GridTrader] INFO: 买入信号检查结果: 不满足条件
2025-04-09 23:16:55 [GridTrader] INFO: 价格检查 | 当前: 563.18 | 上轨: 574.41 | 下轨: 551.89 | 基准: 563.15
2025-04-09 23:16:55 [GridTrader] INFO: 开始检查卖出信号...
2025-04-09 23:16:55 [GridTrader] INFO: 卖出信号检查结果: 不满足条件
2025-04-09 23:16:55 [GridTrader] INFO: 开始检查买入信号...
2025-04-09 23:16:55 [GridTrader] INFO: 买入信号检查结果: 不满足条件
2025-04-09 23:17:02 [GridTrader] INFO: 价格检查 | 当前: 562.98 | 上轨: 574.41 | 下轨: 551.89 | 基准: 563.15
2025-04-09 23:17:02 [GridTrader] INFO: 开始检查卖出信号...
2025-04-09 23:17:02 [GridTrader] INFO: 卖出信号检查结果: 不满足条件
2025-04-09 23:17:02 [GridTrader] INFO: 开始检查买入信号...
2025-04-09 23:17:02 [GridTrader] INFO: 买入信号检查结果: 不满足条件
2025-04-09 23:17:09 [GridTrader] INFO: 价格检查 | 当前: 563.04 | 上轨: 574.41 | 下轨: 551.89 | 基准: 563.15
2025-04-09 23:17:09 [GridTrader] INFO: 开始检查卖出信号...
2025-04-09 23:17:09 [GridTrader] INFO: 卖出信号检查结果: 不满足条件
2025-04-09 23:17:09 [GridTrader] INFO: 开始检查买入信号...
2025-04-09 23:17:09 [GridTrader] INFO: 买入信号检查结果: 不满足条件
2025-04-09 23:17:20 [GridTrader] INFO: 价格检查 | 当前: 563.04 | 上轨: 574.41 | 下轨: 551.89 | 基准: 563.15
2025-04-09 23:17:20 [GridTrader] INFO: 开始检查卖出信号...
2025-04-09 23:17:20 [GridTrader] INFO: 卖出信号检查结果: 不满足条件
2025-04-09 23:17:20 [GridTrader] INFO: 开始检查买入信号...
2025-04-09 23:17:20 [GridTrader] INFO: 买入信号检查结果: 不满足条件
2025-04-09 23:17:27 [GridTrader] INFO: 价格检查 | 当前: 563.11 | 上轨: 574.41 | 下轨: 551.89 | 基准: 563.15
2025-04-09 23:17:27 [GridTrader] INFO: 开始检查卖出信号...
2025-04-09 23:17:27 [GridTrader] INFO: 卖出信号检查结果: 不满足条件
2025-04-09 23:17:27 [GridTrader] INFO: 开始检查买入信号...
2025-04-09 23:17:27 [GridTrader] INFO: 买入信号检查结果: 不满足条件
2025-04-09 23:17:34 [GridTrader] INFO: 价格检查 | 当前: 563.16 | 上轨: 574.41 | 下轨: 551.89 | 基准: 563.15
2025-04-09 23:17:34 [GridTrader] INFO: 开始检查卖出信号...
2025-04-09 23:17:34 [GridTrader] INFO: 卖出信号检查结果: 不满足条件
2025-04-09 23:17:34 [GridTrader] INFO: 开始检查买入信号...
2025-04-09 23:17:34 [GridTrader] INFO: 买入信号检查结果: 不满足条件
2025-04-09 23:17:42 [GridTrader] INFO: 价格检查 | 当前: 563.26 | 上轨: 574.41 | 下轨: 551.89 | 基准: 563.15
2025-04-09 23:17:42 [GridTrader] INFO: 开始检查卖出信号...
2025-04-09 23:17:42 [GridTrader] INFO: 卖出信号检查结果: 不满足条件
2025-04-09 23:17:42 [GridTrader] INFO: 开始检查买入信号...
2025-04-09 23:17:42 [GridTrader] INFO: 买入信号检查结果: 不满足条件
2025-04-09 23:17:53 [GridTrader] INFO: 价格检查 | 当前: 563.27 | 上轨: 574.41 | 下轨: 551.89 | 基准: 563.15
2025-04-09 23:17:53 [GridTrader] INFO: 开始检查卖出信号...
2025-04-09 23:17:53 [GridTrader] INFO: 卖出信号检查结果: 不满足条件
2025-04-09 23:17:53 [GridTrader] INFO: 开始检查买入信号...
2025-04-09 23:17:53 [GridTrader] INFO: 买入信号检查结果: 不满足条件
2025-04-09 23:18:00 [GridTrader] INFO: 价格检查 | 当前: 563.23 | 上轨: 574.41 | 下轨: 551.89 | 基准: 563.15
2025-04-09 23:18:00 [GridTrader] INFO: 开始检查卖出信号...
2025-04-09 23:18:00 [GridTrader] INFO: 卖出信号检查结果: 不满足条件
2025-04-09 23:18:00 [GridTrader] INFO: 开始检查买入信号...
2025-04-09 23:18:00 [GridTrader] INFO: 买入信号检查结果: 不满足条件
2025-04-09 23:18:07 [GridTrader] INFO: 价格检查 | 当前: 562.96 | 上轨: 574.41 | 下轨: 551.89 | 基准: 563.15
2025-04-09 23:18:07 [GridTrader] INFO: 开始检查卖出信号...
2025-04-09 23:18:07 [GridTrader] INFO: 卖出信号检查结果: 不满足条件
2025-04-09 23:18:07 [GridTrader] INFO: 开始检查买入信号...
2025-04-09 23:18:07 [GridTrader] INFO: 买入信号检查结果: 不满足条件
2025-04-09 23:18:16 [GridTrader] INFO: 价格检查 | 当前: 563.05 | 上轨: 574.41 | 下轨: 551.89 | 基准: 563.15
2025-04-09 23:18:16 [GridTrader] INFO: 开始检查卖出信号...
2025-04-09 23:18:16 [GridTrader] INFO: 卖出信号检查结果: 不满足条件
2025-04-09 23:18:16 [GridTrader] INFO: 开始检查买入信号...
2025-04-09 23:18:16 [GridTrader] INFO: 买入信号检查结果: 不满足条件
2025-04-09 23:18:25 [GridTrader] INFO: 价格检查 | 当前: 562.99 | 上轨: 574.41 | 下轨: 551.89 | 基准: 563.15
2025-04-09 23:18:25 [GridTrader] INFO: 开始检查卖出信号...
2025-04-09 23:18:25 [GridTrader] INFO: 卖出信号检查结果: 不满足条件
2025-04-09 23:18:25 [GridTrader] INFO: 开始检查买入信号...
2025-04-09 23:18:25 [GridTrader] INFO: 买入信号检查结果: 不满足条件
2025-04-09 23:18:32 [GridTrader] INFO: 价格检查 | 当前: 563.14 | 上轨: 574.41 | 下轨: 551.89 | 基准: 563.15
2025-04-09 23:18:32 [GridTrader] INFO: 开始检查卖出信号...
2025-04-09 23:18:32 [GridTrader] INFO: 卖出信号检查结果: 不满足条件
2025-04-09 23:18:32 [GridTrader] INFO: 开始检查买入信号...
2025-04-09 23:18:32 [GridTrader] INFO: 买入信号检查结果: 不满足条件
2025-04-09 23:18:39 [GridTrader] INFO: 价格检查 | 当前: 563.25 | 上轨: 574.41 | 下轨: 551.89 | 基准: 563.15
2025-04-09 23:18:39 [GridTrader] INFO: 开始检查卖出信号...
2025-04-09 23:18:39 [GridTrader] INFO: 卖出信号检查结果: 不满足条件
2025-04-09 23:18:39 [GridTrader] INFO: 开始检查买入信号...
2025-04-09 23:18:39 [GridTrader] INFO: 买入信号检查结果: 不满足条件
2025-04-09 23:18:47 [GridTrader] INFO: 价格检查 | 当前: 563.28 | 上轨: 574.41 | 下轨: 551.89 | 基准: 563.15
2025-04-09 23:18:47 [GridTrader] INFO: 开始检查卖出信号...
2025-04-09 23:18:47 [GridTrader] INFO: 卖出信号检查结果: 不满足条件
2025-04-09 23:18:47 [GridTrader] INFO: 开始检查买入信号...
2025-04-09 23:18:47 [GridTrader] INFO: 买入信号检查结果: 不满足条件
2025-04-09 23:18:57 [GridTrader] INFO: 价格检查 | 当前: 563.21 | 上轨: 574.41 | 下轨: 551.89 | 基准: 563.15
2025-04-09 23:18:57 [GridTrader] INFO: 开始检查卖出信号...
2025-04-09 23:18:57 [GridTrader] INFO: 卖出信号检查结果: 不满足条件
2025-04-09 23:18:57 [GridTrader] INFO: 开始检查买入信号...
2025-04-09 23:18:57 [GridTrader] INFO: 买入信号检查结果: 不满足条件
2025-04-09 23:19:04 [GridTrader] INFO: 价格检查 | 当前: 563.21 | 上轨: 574.41 | 下轨: 551.89 | 基准: 563.15
2025-04-09 23:19:04 [GridTrader] INFO: 开始检查卖出信号...
2025-04-09 23:19:04 [GridTrader] INFO: 卖出信号检查结果: 不满足条件
2025-04-09 23:19:04 [GridTrader] INFO: 开始检查买入信号...
2025-04-09 23:19:04 [GridTrader] INFO: 买入信号检查结果: 不满足条件
2025-04-09 23:19:11 [GridTrader] INFO: 价格检查 | 当前: 563.17 | 上轨: 574.41 | 下轨: 551.89 | 基准: 563.15
2025-04-09 23:19:11 [GridTrader] INFO: 开始检查卖出信号...
2025-04-09 23:19:11 [GridTrader] INFO: 卖出信号检查结果: 不满足条件
2025-04-09 23:19:11 [GridTrader] INFO: 开始检查买入信号...
2025-04-09 23:19:11 [GridTrader] INFO: 买入信号检查结果: 不满足条件
2025-04-09 23:19:18 [GridTrader] INFO: 价格检查 | 当前: 563.04 | 上轨: 574.41 | 下轨: 551.89 | 基准: 563.15
2025-04-09 23:19:18 [GridTrader] INFO: 开始检查卖出信号...
2025-04-09 23:19:18 [GridTrader] INFO: 卖出信号检查结果: 不满足条件
2025-04-09 23:19:18 [GridTrader] INFO: 开始检查买入信号...
2025-04-09 23:19:18 [GridTrader] INFO: 买入信号检查结果: 不满足条件
2025-04-09 23:19:28 [GridTrader] INFO: 价格检查 | 当前: 563.21 | 上轨: 574.41 | 下轨: 551.89 | 基准: 563.15
2025-04-09 23:19:28 [GridTrader] INFO: 开始检查卖出信号...
2025-04-09 23:19:28 [GridTrader] INFO: 卖出信号检查结果: 不满足条件
2025-04-09 23:19:28 [GridTrader] INFO: 开始检查买入信号...
2025-04-09 23:19:28 [GridTrader] INFO: 买入信号检查结果: 不满足条件
2025-04-09 23:19:35 [GridTrader] INFO: 价格检查 | 当前: 563.16 | 上轨: 574.41 | 下轨: 551.89 | 基准: 563.15
2025-04-09 23:19:35 [GridTrader] INFO: 开始检查卖出信号...
2025-04-09 23:19:35 [GridTrader] INFO: 卖出信号检查结果: 不满足条件
2025-04-09 23:19:35 [GridTrader] INFO: 开始检查买入信号...
2025-04-09 23:19:35 [GridTrader] INFO: 买入信号检查结果: 不满足条件
2025-04-09 23:19:42 [GridTrader] INFO: 价格检查 | 当前: 563.02 | 上轨: 574.41 | 下轨: 551.89 | 基准: 563.15
2025-04-09 23:19:42 [GridTrader] INFO: 开始检查卖出信号...
2025-04-09 23:19:42 [GridTrader] INFO: 卖出信号检查结果: 不满足条件
2025-04-09 23:19:42 [GridTrader] INFO: 开始检查买入信号...
2025-04-09 23:19:42 [GridTrader] INFO: 买入信号检查结果: 不满足条件
2025-04-09 23:19:50 [GridTrader] INFO: 价格检查 | 当前: 563.10 | 上轨: 574.41 | 下轨: 551.89 | 基准: 563.15
2025-04-09 23:19:50 [GridTrader] INFO: 开始检查卖出信号...
2025-04-09 23:19:50 [GridTrader] INFO: 卖出信号检查结果: 不满足条件
2025-04-09 23:19:50 [GridTrader] INFO: 开始检查买入信号...
2025-04-09 23:19:50 [GridTrader] INFO: 买入信号检查结果: 不满足条件
2025-04-09 23:19:59 [GridTrader] INFO: 价格检查 | 当前: 563.04 | 上轨: 574.41 | 下轨: 551.89 | 基准: 563.15
2025-04-09 23:19:59 [GridTrader] INFO: 开始检查卖出信号...
2025-04-09 23:19:59 [GridTrader] INFO: 卖出信号检查结果: 不满足条件
2025-04-09 23:19:59 [GridTrader] INFO: 开始检查买入信号...
2025-04-09 23:19:59 [GridTrader] INFO: 买入信号检查结果: 不满足条件
2025-04-09 23:20:06 [GridTrader] INFO: 价格检查 | 当前: 563.09 | 上轨: 574.41 | 下轨: 551.89 | 基准: 563.15
2025-04-09 23:20:06 [GridTrader] INFO: 开始检查卖出信号...
2025-04-09 23:20:06 [GridTrader] INFO: 卖出信号检查结果: 不满足条件
2025-04-09 23:20:06 [GridTrader] INFO: 开始检查买入信号...
2025-04-09 23:20:06 [GridTrader] INFO: 买入信号检查结果: 不满足条件
2025-04-09 23:20:13 [GridTrader] INFO: 价格检查 | 当前: 563.16 | 上轨: 574.41 | 下轨: 551.89 | 基准: 563.15
2025-04-09 23:20:13 [GridTrader] INFO: 开始检查卖出信号...
2025-04-09 23:20:13 [GridTrader] INFO: 卖出信号检查结果: 不满足条件
2025-04-09 23:20:13 [GridTrader] INFO: 开始检查买入信号...
2025-04-09 23:20:13 [GridTrader] INFO: 买入信号检查结果: 不满足条件
2025-04-09 23:20:21 [GridTrader] INFO: 价格检查 | 当前: 563.03 | 上轨: 574.41 | 下轨: 551.89 | 基准: 563.15
2025-04-09 23:20:21 [GridTrader] INFO: 开始检查卖出信号...
2025-04-09 23:20:21 [GridTrader] INFO: 卖出信号检查结果: 不满足条件
2025-04-09 23:20:21 [GridTrader] INFO: 开始检查买入信号...
2025-04-09 23:20:21 [GridTrader] INFO: 买入信号检查结果: 不满足条件
2025-04-09 23:20:31 [GridTrader] INFO: 价格检查 | 当前: 563.05 | 上轨: 574.41 | 下轨: 551.89 | 基准: 563.15
2025-04-09 23:20:31 [GridTrader] INFO: 开始检查卖出信号...
2025-04-09 23:20:31 [GridTrader] INFO: 卖出信号检查结果: 不满足条件
2025-04-09 23:20:31 [GridTrader] INFO: 开始检查买入信号...
2025-04-09 23:20:31 [GridTrader] INFO: 买入信号检查结果: 不满足条件
2025-04-09 23:20:38 [GridTrader] INFO: 价格检查 | 当前: 563.14 | 上轨: 574.41 | 下轨: 551.89 | 基准: 563.15
2025-04-09 23:20:38 [GridTrader] INFO: 开始检查卖出信号...
2025-04-09 23:20:38 [GridTrader] INFO: 卖出信号检查结果: 不满足条件
2025-04-09 23:20:38 [GridTrader] INFO: 开始检查买入信号...
2025-04-09 23:20:38 [GridTrader] INFO: 买入信号检查结果: 不满足条件
2025-04-09 23:20:45 [GridTrader] INFO: 价格检查 | 当前: 563.13 | 上轨: 574.41 | 下轨: 551.89 | 基准: 563.15
2025-04-09 23:20:45 [GridTrader] INFO: 开始检查卖出信号...
2025-04-09 23:20:45 [GridTrader] INFO: 卖出信号检查结果: 不满足条件
2025-04-09 23:20:45 [GridTrader] INFO: 开始检查买入信号...
2025-04-09 23:20:45 [GridTrader] INFO: 买入信号检查结果: 不满足条件
2025-04-09 23:20:52 [GridTrader] INFO: 价格检查 | 当前: 562.98 | 上轨: 574.41 | 下轨: 551.89 | 基准: 563.15
2025-04-09 23:20:52 [GridTrader] INFO: 开始检查卖出信号...
2025-04-09 23:20:52 [GridTrader] INFO: 卖出信号检查结果: 不满足条件
2025-04-09 23:20:52 [GridTrader] INFO: 开始检查买入信号...
2025-04-09 23:20:52 [GridTrader] INFO: 买入信号检查结果: 不满足条件
2025-04-09 23:21:02 [GridTrader] INFO: 价格检查 | 当前: 563.10 | 上轨: 574.41 | 下轨: 551.89 | 基准: 563.15
2025-04-09 23:21:02 [GridTrader] INFO: 开始检查卖出信号...
2025-04-09 23:21:02 [GridTrader] INFO: 卖出信号检查结果: 不满足条件
2025-04-09 23:21:02 [GridTrader] INFO: 开始检查买入信号...
2025-04-09 23:21:02 [GridTrader] INFO: 买入信号检查结果: 不满足条件
2025-04-09 23:21:09 [GridTrader] INFO: 价格检查 | 当前: 563.46 | 上轨: 574.41 | 下轨: 551.89 | 基准: 563.15
2025-04-09 23:21:09 [GridTrader] INFO: 开始检查卖出信号...
2025-04-09 23:21:09 [GridTrader] INFO: 卖出信号检查结果: 不满足条件
2025-04-09 23:21:09 [GridTrader] INFO: 开始检查买入信号...
2025-04-09 23:21:09 [GridTrader] INFO: 买入信号检查结果: 不满足条件
2025-04-09 23:21:16 [GridTrader] INFO: 价格检查 | 当前: 563.52 | 上轨: 574.41 | 下轨: 551.89 | 基准: 563.15
2025-04-09 23:21:16 [GridTrader] INFO: 开始检查卖出信号...
2025-04-09 23:21:16 [GridTrader] INFO: 卖出信号检查结果: 不满足条件
2025-04-09 23:21:16 [GridTrader] INFO: 开始检查买入信号...
2025-04-09 23:21:16 [GridTrader] INFO: 买入信号检查结果: 不满足条件
2025-04-09 23:21:24 [GridTrader] INFO: 价格检查 | 当前: 563.51 | 上轨: 574.41 | 下轨: 551.89 | 基准: 563.15
2025-04-09 23:21:24 [GridTrader] INFO: 开始检查卖出信号...
2025-04-09 23:21:24 [GridTrader] INFO: 卖出信号检查结果: 不满足条件
2025-04-09 23:21:24 [GridTrader] INFO: 开始检查买入信号...
2025-04-09 23:21:24 [GridTrader] INFO: 买入信号检查结果: 不满足条件
2025-04-09 23:21:33 [ExchangeClient] INFO: 交易所连接已安全关闭
2025-04-09 23:21:33 [root] INFO: 交易所连接已关闭
2025-07-13 19:29:48 [root] INFO: ==================================================
2025-07-13 19:29:48 [root] INFO: 网格交易系统启动
2025-07-13 19:29:48 [root] INFO: ==================================================
2025-07-13 19:29:48 [ExchangeClient] INFO: 交易所客户端初始化完成
2025-07-13 19:29:48 [PositionControllerS1] INFO: S1 Position Controller initialized. Lookback=52 days, Sell Target=50.0%, Buy Target=70.0%.
2025-07-13 19:29:48 [GridTrader] INFO: 未找到状态文件，将使用默认配置启动。
2025-07-13 19:29:48 [GridTrader] INFO: 正在加载市场数据...
2025-07-13 19:29:50 [ExchangeClient] INFO: 时间同步完成 | 时差: 1185ms
2025-07-13 19:29:54 [ExchangeClient] INFO: 市场数据加载成功 | 交易对: BNB/USDT
2025-07-13 19:29:57 [ExchangeClient] INFO: 理财账户余额更新: {'BNB': 0.00079212, 'USDT': 648.4488637}
2025-07-13 19:29:58 [GridTrader] INFO: 总资产: 815.73 USDT | 现货: 166.73 USDT (BNB: 0.1161, USDT: 86.57) | 理财: 649.00 USDT (BNB: 0.0008, USDT: 648.45)
2025-07-13 19:29:58 [GridTrader] INFO: 从理财赎回USDT: 43.944553655280004
2025-07-13 19:29:59 [ExchangeClient] INFO: 找到USDT活期理财产品: USDT001
2025-07-13 19:29:59 [ExchangeClient] INFO: 开始赎回: 43.94 USDT 到现货
2025-07-13 19:30:00 [ExchangeClient] INFO: 划转成功: {'redeemId': '642223600', 'success': True}
2025-07-13 19:30:00 [GridTrader] INFO: 已从理财赎回 43.94 USDT
2025-07-13 19:30:00 [GridTrader] INFO: 从理财赎回BNB: 0.07294112107884405
2025-07-13 19:30:01 [ExchangeClient] INFO: 找到BNB活期理财产品: BNB001
2025-07-13 19:30:01 [ExchangeClient] INFO: 开始赎回: 0.07294112 BNB 到现货
2025-07-13 19:30:02 [ExchangeClient] ERROR: 赎回失败: binance {"code":-6006,"msg":"redeem amount error"}
2025-07-13 19:30:02 [GridTrader] ERROR: 从理财赎回BNB失败: binance {"code":-6006,"msg":"redeem amount error"}
2025-07-13 19:30:02 [GridTrader] INFO: 资金分配完成
USDT: 735.02
BNB: 0.1169
2025-07-13 19:30:02 [GridTrader] INFO: 交易对精度: 数量 0.001, 价格 0.01
2025-07-13 19:30:02 [GridTrader] INFO: 使用加载的基准价: 683.0
2025-07-13 19:30:02 [GridTrader] INFO: 初始化完成 | 交易对: BNB/USDT | 基准价: 683.0
2025-07-13 19:30:02 [root] INFO: 正在发送推送通知: 交易信号通知
2025-07-13 19:30:03 [root] INFO: 消息推送成功: 网格交易启动成功
交易对: BNB/USDT
基准价: 683.0 USDT
网格大小: 2.0%
触发阈值: 0.4% (网格大小的1/5)
2025-07-13 19:30:03 [GridTrader] INFO: 市场当前价: 690.3500 | 价差: +1.08%
2025-07-13 19:30:04 [ExchangeClient] INFO: 成功获取 50 条最近成交记录 for BNB/USDT
2025-07-13 19:30:04 [OrderTracker] INFO: 已将 28 条交易记录保存到 D:\GridBNB-USDT\data\trade_history.json
2025-07-13 19:30:04 [GridTrader] INFO: 启动同步：本地历史共 28 条记录
2025-07-13 19:30:04 [PositionControllerS1] INFO: S1: Time to update daily high/low levels...
2025-07-13 19:30:04 [root] INFO: Web服务已启动:
2025-07-13 19:30:04 [root] INFO: - 本地访问: http://localhost:58181/
2025-07-13 19:30:04 [root] INFO: - 局域网访问: http://0.0.0.0:58181/
2025-07-13 19:30:04 [PositionControllerS1] INFO: S1 Levels Updated: High=697.7300, Low=601.2500
2025-07-13 19:30:06 [ExchangeClient] INFO: 理财账户余额更新: {'BNB': 0.00079212, 'USDT': 604.5088637}
2025-07-13 19:30:07 [AdvancedRiskManager] WARNING: 底仓保护触发 (9.89%)，暂停新的卖出操作。
2025-07-13 19:30:14 [AdvancedRiskManager] WARNING: 底仓保护触发 (9.89%)，暂停新的卖出操作。
2025-07-13 19:30:22 [AdvancedRiskManager] WARNING: 底仓保护触发 (9.89%)，暂停新的卖出操作。
2025-07-13 19:30:29 [AdvancedRiskManager] WARNING: 底仓保护触发 (9.89%)，暂停新的卖出操作。
2025-07-13 19:30:37 [ExchangeClient] INFO: 理财账户余额更新: {'BNB': 0.00079212, 'USDT': 604.50890208}
2025-07-13 19:30:39 [AdvancedRiskManager] WARNING: 底仓保护触发 (9.89%)，暂停新的卖出操作。
2025-07-13 19:30:46 [AdvancedRiskManager] WARNING: 底仓保护触发 (9.89%)，暂停新的卖出操作。
2025-07-13 19:30:53 [AdvancedRiskManager] WARNING: 底仓保护触发 (9.89%)，暂停新的卖出操作。
2025-07-13 19:31:00 [AdvancedRiskManager] WARNING: 底仓保护触发 (9.89%)，暂停新的卖出操作。
2025-07-13 19:31:10 [AdvancedRiskManager] WARNING: 底仓保护触发 (9.89%)，暂停新的卖出操作。
2025-07-13 19:31:17 [AdvancedRiskManager] WARNING: 底仓保护触发 (9.89%)，暂停新的卖出操作。
2025-07-13 19:31:25 [AdvancedRiskManager] WARNING: 底仓保护触发 (9.89%)，暂停新的卖出操作。
2025-07-13 19:31:32 [AdvancedRiskManager] WARNING: 底仓保护触发 (9.89%)，暂停新的卖出操作。
2025-07-13 19:31:40 [ExchangeClient] INFO: 理财账户余额更新: {'BNB': 0.00079212, 'USDT': 604.50894046}
2025-07-13 19:31:41 [AdvancedRiskManager] WARNING: 底仓保护触发 (9.89%)，暂停新的卖出操作。
2025-07-13 19:31:49 [AdvancedRiskManager] WARNING: 底仓保护触发 (9.89%)，暂停新的卖出操作。
2025-07-13 19:31:57 [AdvancedRiskManager] WARNING: 底仓保护触发 (9.89%)，暂停新的卖出操作。
2025-07-13 19:32:04 [AdvancedRiskManager] WARNING: 底仓保护触发 (9.89%)，暂停新的卖出操作。
2025-07-13 19:32:14 [AdvancedRiskManager] WARNING: 底仓保护触发 (9.89%)，暂停新的卖出操作。
2025-07-13 19:32:21 [AdvancedRiskManager] WARNING: 底仓保护触发 (9.89%)，暂停新的卖出操作。
2025-07-13 19:32:28 [AdvancedRiskManager] WARNING: 底仓保护触发 (9.89%)，暂停新的卖出操作。
2025-07-13 19:32:36 [AdvancedRiskManager] WARNING: 底仓保护触发 (9.89%)，暂停新的卖出操作。
2025-07-13 19:32:44 [ExchangeClient] INFO: 理财账户余额更新: {'BNB': 0.00079212, 'USDT': 604.50897885}
2025-07-13 19:32:45 [AdvancedRiskManager] WARNING: 底仓保护触发 (9.89%)，暂停新的卖出操作。
2025-07-13 19:32:52 [AdvancedRiskManager] WARNING: 底仓保护触发 (9.89%)，暂停新的卖出操作。
2025-07-13 19:33:00 [AdvancedRiskManager] WARNING: 底仓保护触发 (9.89%)，暂停新的卖出操作。
2025-07-13 19:33:07 [AdvancedRiskManager] WARNING: 底仓保护触发 (9.89%)，暂停新的卖出操作。
2025-07-13 19:33:15 [ExchangeClient] INFO: 理财账户余额更新: {'BNB': 0.00079212, 'USDT': 604.50901723}
2025-07-13 19:33:17 [AdvancedRiskManager] WARNING: 底仓保护触发 (9.89%)，暂停新的卖出操作。
2025-07-13 19:33:24 [AdvancedRiskManager] WARNING: 底仓保护触发 (9.89%)，暂停新的卖出操作。
2025-07-13 19:33:31 [AdvancedRiskManager] WARNING: 底仓保护触发 (9.89%)，暂停新的卖出操作。
2025-07-13 19:33:37 [GridTrader] INFO: 目标订单金额计算 | 总资产: 815.67 USDT | 计算金额 (10%): 81.57 USDT
2025-07-13 19:33:39 [AdvancedRiskManager] WARNING: 底仓保护触发 (9.89%)，暂停新的卖出操作。
2025-07-13 19:33:47 [AdvancedRiskManager] WARNING: 底仓保护触发 (9.89%)，暂停新的卖出操作。
2025-07-13 19:33:54 [AdvancedRiskManager] WARNING: 底仓保护触发 (9.89%)，暂停新的卖出操作。
2025-07-13 19:34:01 [AdvancedRiskManager] WARNING: 底仓保护触发 (9.89%)，暂停新的卖出操作。
2025-07-13 19:34:09 [AdvancedRiskManager] WARNING: 底仓保护触发 (9.89%)，暂停新的卖出操作。
2025-07-13 19:34:16 [ExchangeClient] INFO: 理财账户余额更新: {'BNB': 0.00079212, 'USDT': 604.50905561}
2025-07-13 19:34:18 [AdvancedRiskManager] WARNING: 底仓保护触发 (9.89%)，暂停新的卖出操作。
2025-07-13 19:34:25 [AdvancedRiskManager] WARNING: 底仓保护触发 (9.89%)，暂停新的卖出操作。
2025-07-13 19:34:33 [AdvancedRiskManager] WARNING: 底仓保护触发 (9.89%)，暂停新的卖出操作。
2025-07-13 19:34:40 [AdvancedRiskManager] WARNING: 底仓保护触发 (9.89%)，暂停新的卖出操作。
2025-07-13 19:34:48 [AdvancedRiskManager] WARNING: 底仓保护触发 (9.89%)，暂停新的卖出操作。
2025-07-13 19:34:55 [AdvancedRiskManager] WARNING: 底仓保护触发 (9.89%)，暂停新的卖出操作。
2025-07-13 19:35:03 [AdvancedRiskManager] WARNING: 底仓保护触发 (9.89%)，暂停新的卖出操作。
2025-07-13 19:35:10 [AdvancedRiskManager] WARNING: 底仓保护触发 (9.89%)，暂停新的卖出操作。
2025-07-13 19:35:11 [ExchangeClient] ERROR: 获取行情失败: Session is closed
2025-07-13 19:35:11 [GridTrader] ERROR: 获取最新价格失败: Session is closed
2025-07-13 19:35:12 [ExchangeClient] INFO: 交易所连接已安全关闭
2025-07-13 19:35:12 [root] INFO: 交易所连接已关闭
2025-07-13 19:35:54 [root] INFO: ==================================================
2025-07-13 19:35:54 [root] INFO: 网格交易系统启动
2025-07-13 19:35:54 [root] INFO: ==================================================
2025-07-13 19:35:54 [ExchangeClient] INFO: 交易所客户端初始化完成
2025-07-13 19:35:54 [OrderTracker] INFO: 加载了 28 条历史交易记录
2025-07-13 19:35:54 [PositionControllerS1] INFO: S1 Position Controller initialized. Lookback=52 days, Sell Target=50.0%, Buy Target=70.0%.
2025-07-13 19:35:54 [GridTrader] INFO: 未找到状态文件，将使用默认配置启动。
2025-07-13 19:35:54 [GridTrader] INFO: 正在加载市场数据...
2025-07-13 19:35:56 [ExchangeClient] INFO: 时间同步完成 | 时差: 1175ms
2025-07-13 19:36:00 [ExchangeClient] INFO: 市场数据加载成功 | 交易对: BNB/USDT
2025-07-13 19:36:03 [ExchangeClient] INFO: 理财账户余额更新: {'BNB': 0.00079212, 'USDT': 604.50909398}
2025-07-13 19:36:04 [GridTrader] INFO: 总资产: 815.70 USDT | 现货: 210.64 USDT (BNB: 0.1161, USDT: 130.51) | 理财: 605.06 USDT (BNB: 0.0008, USDT: 604.51)
2025-07-13 19:36:04 [GridTrader] INFO: 发现可划转USDT: 0.0002729488479928932
2025-07-13 19:36:04 [GridTrader] INFO: 可划转USDT (0.00) 低于最小申购额 1.0 USDT，跳过申购
2025-07-13 19:36:04 [GridTrader] INFO: 从理财赎回BNB: 0.07300535718131258
2025-07-13 19:36:05 [ExchangeClient] INFO: 找到BNB活期理财产品: BNB001
2025-07-13 19:36:05 [ExchangeClient] INFO: 开始赎回: 0.07300536 BNB 到现货
2025-07-13 19:36:06 [ExchangeClient] ERROR: 赎回失败: binance {"code":-6006,"msg":"redeem amount error"}
2025-07-13 19:36:06 [GridTrader] ERROR: 从理财赎回BNB失败: binance {"code":-6006,"msg":"redeem amount error"}
2025-07-13 19:36:06 [GridTrader] INFO: 资金分配完成
USDT: 735.02
BNB: 0.1169
2025-07-13 19:36:06 [GridTrader] INFO: 交易对精度: 数量 0.001, 价格 0.01
2025-07-13 19:36:06 [GridTrader] INFO: 使用加载的基准价: 683.0
2025-07-13 19:36:06 [GridTrader] INFO: 初始化完成 | 交易对: BNB/USDT | 基准价: 683.0
2025-07-13 19:36:06 [root] INFO: 正在发送推送通知: 交易信号通知
2025-07-13 19:36:07 [root] INFO: 消息推送成功: 网格交易启动成功
交易对: BNB/USDT
基准价: 683.0 USDT
网格大小: 2.0%
触发阈值: 0.4% (网格大小的1/5)
2025-07-13 19:36:07 [GridTrader] INFO: 市场当前价: 690.0800 | 价差: +1.04%
2025-07-13 19:36:08 [ExchangeClient] INFO: 成功获取 50 条最近成交记录 for BNB/USDT
2025-07-13 19:36:08 [OrderTracker] INFO: 交易历史备份成功
2025-07-13 19:36:08 [OrderTracker] INFO: 已将 28 条交易记录保存到 D:\GridBNB-USDT\data\trade_history.json
2025-07-13 19:36:08 [GridTrader] INFO: 启动同步：本地历史共 28 条记录
2025-07-13 19:36:08 [PositionControllerS1] INFO: S1: Time to update daily high/low levels...
2025-07-13 19:36:08 [root] INFO: Web服务已启动:
2025-07-13 19:36:08 [root] INFO: - 本地访问: http://localhost:58181/
2025-07-13 19:36:08 [root] INFO: - 局域网访问: http://0.0.0.0:58181/
2025-07-13 19:36:08 [PositionControllerS1] INFO: S1 Levels Updated: High=697.7300, Low=601.2500
2025-07-13 19:36:09 [GridTrader] INFO: 目标订单金额计算 | 总资产: 815.70 USDT | 计算金额 (10%): 81.57 USDT
2025-07-13 19:36:09 [AdvancedRiskManager] WARNING: 底仓保护触发 (9.89%)，暂停新的卖出操作。
2025-07-13 19:36:33 [ExchangeClient] INFO: 理财账户余额更新: {'BNB': 0.00079212, 'USDT': 604.50913236}
2025-07-13 19:37:35 [ExchangeClient] INFO: 理财账户余额更新: {'BNB': 0.00079212, 'USDT': 604.50917074}
2025-07-13 19:38:38 [ExchangeClient] INFO: 理财账户余额更新: {'BNB': 0.00079212, 'USDT': 604.50920912}
2025-07-13 19:39:41 [ExchangeClient] INFO: 理财账户余额更新: {'BNB': 0.00079212, 'USDT': 604.50924749}
2025-07-13 19:40:53 [root] INFO: ==================================================
2025-07-13 19:40:53 [root] INFO: 网格交易系统启动
2025-07-13 19:40:53 [root] INFO: ==================================================
2025-07-13 19:40:53 [ExchangeClient] INFO: 交易所客户端初始化完成
2025-07-13 19:40:53 [OrderTracker] INFO: 加载了 28 条历史交易记录
2025-07-13 19:40:53 [PositionControllerS1] INFO: S1 Position Controller initialized. Lookback=52 days, Sell Target=50.0%, Buy Target=70.0%.
2025-07-13 19:40:53 [GridTrader] INFO: 未找到状态文件，将使用默认配置启动。
2025-07-13 19:40:53 [GridTrader] INFO: 正在加载市场数据...
2025-07-13 19:40:55 [ExchangeClient] INFO: 时间同步完成 | 时差: 1165ms
2025-07-13 19:41:00 [ExchangeClient] INFO: 市场数据加载成功 | 交易对: BNB/USDT
2025-07-13 19:41:02 [ExchangeClient] INFO: 理财账户余额更新: {'BNB': 0.00079212, 'USDT': 604.50928587}
2025-07-13 19:41:03 [GridTrader] INFO: 总资产: 815.72 USDT | 现货: 210.67 USDT (BNB: 0.1161, USDT: 130.51) | 理财: 605.06 USDT (BNB: 0.0008, USDT: 604.51)
2025-07-13 19:41:04 [GridTrader] INFO: 从理财赎回USDT: 0.003311812383998358
2025-07-13 19:41:04 [ExchangeClient] INFO: 找到USDT活期理财产品: USDT001
2025-07-13 19:41:04 [ExchangeClient] INFO: 开始赎回: 0.00 USDT 到现货
2025-07-13 19:41:05 [ExchangeClient] ERROR: 赎回失败: binance {"code":-1102,"msg":"Mandatory parameter 'amount' was not sent, was empty/null, or malformed."}
2025-07-13 19:41:05 [GridTrader] ERROR: 从理财赎回USDT失败: binance {"code":-1102,"msg":"Mandatory parameter 'amount' was not sent, was empty/null, or malformed."}
2025-07-13 19:41:05 [GridTrader] INFO: 从理财赎回BNB: 0.07295849413800777
2025-07-13 19:41:06 [ExchangeClient] INFO: 找到BNB活期理财产品: BNB001
2025-07-13 19:41:06 [ExchangeClient] INFO: 开始赎回: 0.07295849 BNB 到现货
2025-07-13 19:41:07 [ExchangeClient] ERROR: 赎回失败: binance {"code":-6006,"msg":"redeem amount error"}
2025-07-13 19:41:07 [GridTrader] ERROR: 从理财赎回BNB失败: binance {"code":-6006,"msg":"redeem amount error"}
2025-07-13 19:41:07 [GridTrader] INFO: 资金分配完成
USDT: 735.02
BNB: 0.1169
2025-07-13 19:41:07 [GridTrader] INFO: 交易对精度: 数量 0.001, 价格 0.01
2025-07-13 19:41:07 [GridTrader] INFO: 使用加载的基准价: 683.0
2025-07-13 19:41:07 [GridTrader] INFO: 初始化完成 | 交易对: BNB/USDT | 基准价: 683.0
2025-07-13 19:41:07 [root] INFO: 正在发送推送通知: 交易信号通知
2025-07-13 19:41:08 [root] INFO: 消息推送成功: 网格交易启动成功
交易对: BNB/USDT
基准价: 683.0 USDT
网格大小: 2.0%
触发阈值: 0.4% (网格大小的1/5)
2025-07-13 19:41:08 [GridTrader] INFO: 市场当前价: 690.2900 | 价差: +1.07%
2025-07-13 19:41:09 [ExchangeClient] INFO: 成功获取 50 条最近成交记录 for BNB/USDT
2025-07-13 19:41:09 [OrderTracker] INFO: 交易历史备份成功
2025-07-13 19:41:09 [OrderTracker] INFO: 已将 28 条交易记录保存到 D:\GridBNB-USDT\data\trade_history.json
2025-07-13 19:41:09 [GridTrader] INFO: 启动同步：本地历史共 28 条记录
2025-07-13 19:41:09 [PositionControllerS1] INFO: S1: Time to update daily high/low levels...
2025-07-13 19:41:09 [root] INFO: Web服务已启动:
2025-07-13 19:41:09 [root] INFO: - 本地访问: http://localhost:58181/
2025-07-13 19:41:09 [root] INFO: - 局域网访问: http://0.0.0.0:58181/
2025-07-13 19:41:09 [PositionControllerS1] INFO: S1 Levels Updated: High=697.7300, Low=601.2500
2025-07-13 19:41:10 [AdvancedRiskManager] WARNING: 底仓保护触发 (9.89%)，暂停新的卖出操作。
2025-07-13 19:41:20 [GridTrader] INFO: 目标订单金额计算 | 总资产: 815.72 USDT | 计算金额 (10%): 81.57 USDT
2025-07-13 19:41:33 [ExchangeClient] INFO: 理财账户余额更新: {'BNB': 0.00079212, 'USDT': 604.50932425}
2025-07-13 19:42:34 [ExchangeClient] INFO: 理财账户余额更新: {'BNB': 0.00079212, 'USDT': 604.50936263}
2025-07-13 19:43:37 [ExchangeClient] INFO: 理财账户余额更新: {'BNB': 0.00079212, 'USDT': 604.50940101}
2025-07-13 19:44:41 [ExchangeClient] INFO: 理财账户余额更新: {'BNB': 0.00079212, 'USDT': 604.50943938}
2025-07-13 19:45:44 [ExchangeClient] INFO: 理财账户余额更新: {'BNB': 0.00079212, 'USDT': 604.50947775}
2025-07-13 19:46:45 [ExchangeClient] INFO: 理财账户余额更新: {'BNB': 0.00079212, 'USDT': 604.50951613}
2025-07-13 19:47:16 [ExchangeClient] INFO: 理财账户余额更新: {'BNB': 0.00079212, 'USDT': 604.5095545}
2025-07-13 19:48:47 [ExchangeClient] INFO: 理财账户余额更新: {'BNB': 0.00079212, 'USDT': 604.50959289}
2025-07-13 19:49:18 [ExchangeClient] INFO: 理财账户余额更新: {'BNB': 0.00079212, 'USDT': 604.50963132}
2025-07-13 19:50:47 [root] INFO: ==================================================
2025-07-13 19:50:47 [root] INFO: 网格交易系统启动
2025-07-13 19:50:47 [root] INFO: ==================================================
2025-07-13 19:50:47 [ExchangeClient] INFO: 交易所客户端初始化完成
2025-07-13 19:50:47 [OrderTracker] INFO: 加载了 28 条历史交易记录
2025-07-13 19:50:47 [PositionControllerS1] INFO: S1 Position Controller initialized. Lookback=52 days, Sell Target=50.0%, Buy Target=70.0%.
2025-07-13 19:50:47 [GridTrader] INFO: 未找到状态文件，将使用默认配置启动。
2025-07-13 19:50:47 [GridTrader] INFO: 正在加载市场数据...
2025-07-13 19:50:48 [ExchangeClient] INFO: 时间同步完成 | 时差: 1164ms
2025-07-13 19:50:52 [ExchangeClient] INFO: 市场数据加载成功 | 交易对: BNB/USDT
2025-07-13 19:50:54 [ExchangeClient] INFO: 理财账户余额更新: {'BNB': 0.00079212, 'USDT': 604.50966977}
2025-07-13 19:50:55 [GridTrader] INFO: 总资产: 815.75 USDT | 现货: 210.69 USDT (BNB: 0.1161, USDT: 130.51) | 理财: 605.06 USDT (BNB: 0.0008, USDT: 604.51)
2025-07-13 19:50:56 [GridTrader] INFO: 从理财赎回USDT: 0.007114350943993486
2025-07-13 19:50:56 [ExchangeClient] INFO: 找到USDT活期理财产品: USDT001
2025-07-13 19:50:56 [ExchangeClient] INFO: 开始赎回: 0.01 USDT 到现货
2025-07-13 19:50:58 [ExchangeClient] INFO: 划转成功: {'redeemId': '642238393', 'success': True}
2025-07-13 19:50:58 [GridTrader] INFO: 已从理财赎回 0.01 USDT
2025-07-13 19:50:58 [GridTrader] INFO: 从理财赎回BNB: 0.07290923463408643
2025-07-13 19:50:58 [ExchangeClient] INFO: 找到BNB活期理财产品: BNB001
2025-07-13 19:50:58 [ExchangeClient] INFO: 开始赎回: 0.072909 BNB 到现货
2025-07-13 19:50:59 [ExchangeClient] ERROR: 赎回失败: binance {"code":-6006,"msg":"redeem amount error"}
2025-07-13 19:50:59 [GridTrader] ERROR: 从理财赎回BNB失败: binance {"code":-6006,"msg":"redeem amount error"}
2025-07-13 19:50:59 [GridTrader] INFO: 资金分配完成
USDT: 735.02
BNB: 0.1169
2025-07-13 19:50:59 [GridTrader] INFO: 交易对精度: 数量 0.001, 价格 0.01
2025-07-13 19:50:59 [GridTrader] INFO: 使用加载的基准价: 683.0
2025-07-13 19:50:59 [GridTrader] INFO: 初始化完成 | 交易对: BNB/USDT | 基准价: 683.0
2025-07-13 19:50:59 [root] INFO: 正在发送推送通知: 交易信号通知
2025-07-13 19:51:00 [root] ERROR: 消息推送失败: 状态码=200, 响应={'code': 999, 'msg': '请勿频繁推送相同内容', 'data': None}
2025-07-13 19:51:00 [GridTrader] INFO: 市场当前价: 690.4800 | 价差: +1.10%
2025-07-13 19:51:01 [ExchangeClient] INFO: 成功获取 50 条最近成交记录 for BNB/USDT
2025-07-13 19:51:01 [OrderTracker] INFO: 交易历史备份成功
2025-07-13 19:51:01 [OrderTracker] INFO: 已将 28 条交易记录保存到 D:\GridBNB-USDT\data\trade_history.json
2025-07-13 19:51:01 [GridTrader] INFO: 启动同步：本地历史共 28 条记录
2025-07-13 19:51:01 [PositionControllerS1] INFO: S1: Time to update daily high/low levels...
2025-07-13 19:51:01 [root] INFO: Web服务已启动:
2025-07-13 19:51:01 [root] INFO: - 本地访问: http://localhost:58181/
2025-07-13 19:51:01 [root] INFO: - 局域网访问: http://0.0.0.0:58181/
2025-07-13 19:51:02 [PositionControllerS1] INFO: S1 Levels Updated: High=697.7300, Low=601.2500
2025-07-13 19:51:03 [ExchangeClient] INFO: 理财账户余额更新: {'BNB': 0.00079212, 'USDT': 604.49966978}
2025-07-13 19:51:04 [AdvancedRiskManager] WARNING: 底仓保护触发 (9.90%)，暂停新的卖出操作。
2025-07-13 19:51:34 [ExchangeClient] INFO: 理财账户余额更新: {'BNB': 0.00079212, 'USDT': 604.49970823}
2025-07-13 19:51:51 [GridTrader] INFO: 目标订单金额计算 | 总资产: 815.75 USDT | 计算金额 (10%): 81.57 USDT
2025-07-13 19:52:37 [ExchangeClient] INFO: 理财账户余额更新: {'BNB': 0.00079212, 'USDT': 604.49974669}
2025-07-13 19:53:41 [ExchangeClient] INFO: 理财账户余额更新: {'BNB': 0.00079212, 'USDT': 604.49978515}
2025-07-13 19:54:44 [ExchangeClient] INFO: 理财账户余额更新: {'BNB': 0.00079212, 'USDT': 604.49982361}
2025-07-13 19:55:47 [ExchangeClient] INFO: 理财账户余额更新: {'BNB': 0.00079212, 'USDT': 604.49986207}
2025-07-13 19:56:19 [ExchangeClient] INFO: 理财账户余额更新: {'BNB': 0.00079212, 'USDT': 604.49990053}
2025-07-13 19:57:14 [root] INFO: ==================================================
2025-07-13 19:57:14 [root] INFO: 网格交易系统启动
2025-07-13 19:57:14 [root] INFO: ==================================================
2025-07-13 19:57:14 [ExchangeClient] INFO: 交易所客户端初始化完成
2025-07-13 19:57:14 [OrderTracker] INFO: 加载了 28 条历史交易记录
2025-07-13 19:57:14 [PositionControllerS1] INFO: S1 Position Controller initialized. Lookback=52 days, Sell Target=50.0%, Buy Target=70.0%.
2025-07-13 19:57:14 [GridTrader] INFO: 未找到状态文件，将使用默认配置启动。
2025-07-13 19:57:14 [GridTrader] INFO: 正在加载市场数据...
2025-07-13 19:57:15 [ExchangeClient] INFO: 时间同步完成 | 时差: 1153ms
2025-07-13 19:57:19 [ExchangeClient] INFO: 市场数据加载成功 | 交易对: BNB/USDT
2025-07-13 19:57:21 [ExchangeClient] INFO: 理财账户余额更新: {'BNB': 0.00079212, 'USDT': 604.49993899}
2025-07-13 19:57:22 [GridTrader] INFO: 总资产: 815.77 USDT | 现货: 210.72 USDT (BNB: 0.1161, USDT: 130.52) | 理财: 605.05 USDT (BNB: 0.0008, USDT: 604.50)
2025-07-13 19:57:23 [GridTrader] INFO: 从理财赎回USDT: 0.0012726521600257001
2025-07-13 19:57:23 [ExchangeClient] INFO: 找到USDT活期理财产品: USDT001
2025-07-13 19:57:23 [ExchangeClient] INFO: 开始赎回: 0.00 USDT 到现货
2025-07-13 19:57:25 [ExchangeClient] ERROR: 赎回失败: binance {"code":-1102,"msg":"Mandatory parameter 'amount' was not sent, was empty/null, or malformed."}
2025-07-13 19:57:25 [GridTrader] ERROR: 从理财赎回USDT失败: binance {"code":-1102,"msg":"Mandatory parameter 'amount' was not sent, was empty/null, or malformed."}
2025-07-13 19:57:25 [GridTrader] INFO: 从理财赎回BNB: 0.07285778266988084
2025-07-13 19:57:25 [ExchangeClient] INFO: 找到BNB活期理财产品: BNB001
2025-07-13 19:57:25 [ExchangeClient] INFO: 开始赎回: 0.072858 BNB 到现货
2025-07-13 19:57:26 [ExchangeClient] ERROR: 赎回失败: binance {"code":-6006,"msg":"redeem amount error"}
2025-07-13 19:57:26 [GridTrader] ERROR: 从理财赎回BNB失败: binance {"code":-6006,"msg":"redeem amount error"}
2025-07-13 19:57:26 [GridTrader] INFO: 资金分配完成
USDT: 735.02
BNB: 0.1169
2025-07-13 19:57:26 [GridTrader] INFO: 交易对精度: 数量 0.001, 价格 0.01
2025-07-13 19:57:26 [GridTrader] INFO: 使用加载的基准价: 683.0
2025-07-13 19:57:26 [GridTrader] INFO: 初始化完成 | 交易对: BNB/USDT | 基准价: 683.0
2025-07-13 19:57:26 [root] INFO: 正在发送推送通知: 交易信号通知
2025-07-13 19:57:27 [root] ERROR: 消息推送失败: 状态码=200, 响应={'code': 999, 'msg': '请勿频繁推送相同内容', 'data': None}
2025-07-13 19:57:27 [GridTrader] INFO: 市场当前价: 690.7000 | 价差: +1.13%
2025-07-13 19:57:28 [ExchangeClient] INFO: 成功获取 50 条最近成交记录 for BNB/USDT
2025-07-13 19:57:28 [OrderTracker] INFO: 交易历史备份成功
2025-07-13 19:57:28 [OrderTracker] INFO: 已将 28 条交易记录保存到 D:\GridBNB-USDT\data\trade_history.json
2025-07-13 19:57:28 [GridTrader] INFO: 启动同步：本地历史共 28 条记录
2025-07-13 19:57:28 [PositionControllerS1] INFO: S1: Time to update daily high/low levels...
2025-07-13 19:57:28 [root] INFO: Web服务已启动:
2025-07-13 19:57:28 [root] INFO: - 本地访问: http://localhost:58181/
2025-07-13 19:57:28 [root] INFO: - 局域网访问: http://0.0.0.0:58181/
2025-07-13 19:57:28 [PositionControllerS1] INFO: S1 Levels Updated: High=697.7300, Low=601.2500
2025-07-13 19:57:29 [AdvancedRiskManager] WARNING: 底仓保护触发 (9.90%)，暂停新的卖出操作。
2025-07-13 19:57:52 [GridTrader] INFO: 目标订单金额计算 | 总资产: 815.77 USDT | 计算金额 (10%): 81.58 USDT
2025-07-13 19:58:21 [root] INFO: ==================================================
2025-07-13 19:58:21 [root] INFO: 网格交易系统启动
2025-07-13 19:58:21 [root] INFO: ==================================================
2025-07-13 19:58:21 [ExchangeClient] INFO: 交易所客户端初始化完成
2025-07-13 19:58:21 [OrderTracker] INFO: 加载了 28 条历史交易记录
2025-07-13 19:58:21 [PositionControllerS1] INFO: S1 Position Controller initialized. Lookback=52 days, Sell Target=50.0%, Buy Target=70.0%.
2025-07-13 19:58:21 [GridTrader] INFO: 未找到状态文件，将使用默认配置启动。
2025-07-13 19:58:21 [GridTrader] INFO: 正在加载市场数据...
2025-07-13 19:58:23 [ExchangeClient] INFO: 时间同步完成 | 时差: 1150ms
2025-07-13 19:58:27 [ExchangeClient] INFO: 市场数据加载成功 | 交易对: BNB/USDT
2025-07-13 19:58:29 [ExchangeClient] INFO: 理财账户余额更新: {'BNB': 0.00079212, 'USDT': 604.49997745}
2025-07-13 19:58:30 [GridTrader] INFO: 总资产: 815.78 USDT | 现货: 210.73 USDT (BNB: 0.1161, USDT: 130.52) | 理财: 605.05 USDT (BNB: 0.0008, USDT: 604.50)
2025-07-13 19:58:31 [GridTrader] INFO: 从理财赎回USDT: 0.002214084400009142
2025-07-13 19:58:31 [ExchangeClient] INFO: 找到USDT活期理财产品: USDT001
2025-07-13 19:58:31 [ExchangeClient] INFO: 开始赎回: 0.00 USDT 到现货
2025-07-13 19:58:33 [ExchangeClient] ERROR: 赎回失败: binance {"code":-1102,"msg":"Mandatory parameter 'amount' was not sent, was empty/null, or malformed."}
2025-07-13 19:58:33 [GridTrader] ERROR: 从理财赎回USDT失败: binance {"code":-1102,"msg":"Mandatory parameter 'amount' was not sent, was empty/null, or malformed."}
2025-07-13 19:58:33 [GridTrader] INFO: 从理财赎回BNB: 0.07284273077365182
2025-07-13 19:58:33 [ExchangeClient] INFO: 找到BNB活期理财产品: BNB001
2025-07-13 19:58:33 [ExchangeClient] INFO: 开始赎回: 0.072843 BNB 到现货
2025-07-13 19:58:34 [ExchangeClient] ERROR: 赎回失败: binance {"code":-6006,"msg":"redeem amount error"}
2025-07-13 19:58:34 [GridTrader] ERROR: 从理财赎回BNB失败: binance {"code":-6006,"msg":"redeem amount error"}
2025-07-13 19:58:34 [GridTrader] INFO: 资金分配完成
USDT: 735.02
BNB: 0.1169
2025-07-13 19:58:34 [GridTrader] INFO: 交易对精度: 数量 0.001, 价格 0.01
2025-07-13 19:58:34 [GridTrader] INFO: 使用加载的基准价: 683.0
2025-07-13 19:58:34 [GridTrader] INFO: 初始化完成 | 交易对: BNB/USDT | 基准价: 683.0
2025-07-13 19:58:34 [root] INFO: 正在发送推送通知: 交易信号通知
2025-07-13 19:58:35 [root] ERROR: 消息推送失败: 状态码=200, 响应={'code': 999, 'msg': '请勿频繁推送相同内容', 'data': None}
2025-07-13 19:58:35 [GridTrader] INFO: 市场当前价: 690.7500 | 价差: +1.13%
2025-07-13 19:58:36 [ExchangeClient] INFO: 成功获取 50 条最近成交记录 for BNB/USDT
2025-07-13 19:58:36 [OrderTracker] INFO: 交易历史备份成功
2025-07-13 19:58:36 [OrderTracker] INFO: 已将 28 条交易记录保存到 D:\GridBNB-USDT\data\trade_history.json
2025-07-13 19:58:36 [GridTrader] INFO: 启动同步：本地历史共 28 条记录
2025-07-13 19:58:36 [PositionControllerS1] INFO: S1: Time to update daily high/low levels...
2025-07-13 19:58:36 [root] INFO: Web服务已启动:
2025-07-13 19:58:36 [root] INFO: - 本地访问: http://localhost:58181/
2025-07-13 19:58:36 [root] INFO: - 局域网访问: http://0.0.0.0:58181/
2025-07-13 19:58:36 [PositionControllerS1] INFO: S1 Levels Updated: High=697.7300, Low=601.2500
2025-07-13 19:58:37 [AdvancedRiskManager] WARNING: 底仓保护触发 (9.90%)，暂停新的卖出操作。
2025-07-13 19:58:51 [GridTrader] INFO: 目标订单金额计算 | 总资产: 815.78 USDT | 计算金额 (10%): 81.58 USDT
2025-07-13 19:59:31 [ExchangeClient] INFO: 理财账户余额更新: {'BNB': 0.00079212, 'USDT': 604.50001591}
2025-07-13 20:01:08 [ExchangeClient] INFO: 理财账户余额更新: {'BNB': 0.00079212, 'USDT': 604.50005437}
2025-07-13 20:01:39 [ExchangeClient] INFO: 理财账户余额更新: {'BNB': 0.00079212, 'USDT': 604.50009284}
2025-07-13 20:02:42 [ExchangeClient] INFO: 理财账户余额更新: {'BNB': 0.00079212, 'USDT': 604.50013131}
2025-07-13 20:03:44 [ExchangeClient] INFO: 理财账户余额更新: {'BNB': 0.00079212, 'USDT': 604.50016981}
2025-07-13 20:04:47 [ExchangeClient] INFO: 理财账户余额更新: {'BNB': 0.00079212, 'USDT': 604.50020831}
2025-07-13 20:05:51 [ExchangeClient] INFO: 理财账户余额更新: {'BNB': 0.00079212, 'USDT': 604.50024682}
2025-07-13 20:06:23 [ExchangeClient] INFO: 理财账户余额更新: {'BNB': 0.00079212, 'USDT': 604.50028532}
2025-07-13 20:07:26 [ExchangeClient] INFO: 理财账户余额更新: {'BNB': 0.00079212, 'USDT': 604.50032382}
2025-07-13 20:08:29 [ExchangeClient] INFO: 理财账户余额更新: {'BNB': 0.00079212, 'USDT': 604.50036233}
2025-07-13 20:09:32 [ExchangeClient] INFO: 理财账户余额更新: {'BNB': 0.00079212, 'USDT': 604.50040084}
2025-07-13 20:09:53 [root] INFO: ==================================================
2025-07-13 20:09:53 [root] INFO: 网格交易系统启动
2025-07-13 20:09:53 [root] INFO: ==================================================
2025-07-13 20:09:53 [ExchangeClient] INFO: 交易所客户端初始化完成
2025-07-13 20:09:54 [OrderTracker] INFO: 加载了 28 条历史交易记录
2025-07-13 20:09:54 [PositionControllerS1] INFO: S1 Position Controller initialized. Lookback=52 days, Sell Target=50.0%, Buy Target=70.0%.
2025-07-13 20:09:54 [GridTrader] INFO: 未找到状态文件，将使用默认配置启动。
2025-07-13 20:09:54 [GridTrader] INFO: 正在加载市场数据...
2025-07-13 20:09:55 [ExchangeClient] INFO: 时间同步完成 | 时差: 1138ms
2025-07-13 20:09:59 [ExchangeClient] INFO: 市场数据加载成功 | 交易对: BNB/USDT
2025-07-13 20:10:01 [ExchangeClient] INFO: 理财账户余额更新: {'BNB': 0.00079212, 'USDT': 604.50040084}
2025-07-13 20:10:03 [GridTrader] INFO: 总资产: 815.94 USDT | 现货: 210.89 USDT (BNB: 0.1161, USDT: 130.52) | 理财: 605.05 USDT (BNB: 0.0008, USDT: 604.50)
2025-07-13 20:10:03 [GridTrader] INFO: 从理财赎回USDT: 0.028095517264006276
2025-07-13 20:10:04 [ExchangeClient] INFO: 找到USDT活期理财产品: USDT001
2025-07-13 20:10:04 [ExchangeClient] INFO: 开始赎回: 0.03 USDT 到现货
2025-07-13 20:10:05 [ExchangeClient] INFO: 划转成功: {'redeemId': '642252008', 'success': True}
2025-07-13 20:10:05 [GridTrader] INFO: 已从理财赎回 0.03 USDT
2025-07-13 20:10:05 [GridTrader] INFO: 从理财赎回BNB: 0.07250336681687543
2025-07-13 20:10:05 [ExchangeClient] INFO: 找到BNB活期理财产品: BNB001
2025-07-13 20:10:05 [ExchangeClient] INFO: 开始赎回: 0.072503 BNB 到现货
2025-07-13 20:10:07 [ExchangeClient] ERROR: 赎回失败: binance {"code":-6006,"msg":"redeem amount error"}
2025-07-13 20:10:07 [GridTrader] ERROR: 从理财赎回BNB失败: binance {"code":-6006,"msg":"redeem amount error"}
2025-07-13 20:10:07 [GridTrader] INFO: 资金分配完成
USDT: 735.02
BNB: 0.1169
2025-07-13 20:10:07 [GridTrader] INFO: 交易对精度: 数量 0.001, 价格 0.01
2025-07-13 20:10:07 [GridTrader] INFO: 使用加载的基准价: 683.0
2025-07-13 20:10:07 [GridTrader] INFO: 初始化完成 | 交易对: BNB/USDT | 基准价: 683.0
2025-07-13 20:10:07 [root] INFO: 正在发送推送通知: 交易信号通知
2025-07-13 20:10:07 [root] ERROR: 消息推送失败: 状态码=200, 响应={'code': 999, 'msg': '请勿频繁推送相同内容', 'data': None}
2025-07-13 20:10:08 [GridTrader] INFO: 市场当前价: 692.1200 | 价差: +1.34%
2025-07-13 20:10:08 [ExchangeClient] INFO: 成功获取 50 条最近成交记录 for BNB/USDT
2025-07-13 20:10:08 [OrderTracker] INFO: 交易历史备份成功
2025-07-13 20:10:08 [OrderTracker] INFO: 已将 28 条交易记录保存到 D:\GridBNB-USDT\data\trade_history.json
2025-07-13 20:10:08 [GridTrader] INFO: 启动同步：本地历史共 28 条记录
2025-07-13 20:10:08 [PositionControllerS1] INFO: S1: Time to update daily high/low levels...
2025-07-13 20:10:08 [root] INFO: Web服务已启动:
2025-07-13 20:10:08 [root] INFO: - 本地访问: http://localhost:58181/
2025-07-13 20:10:08 [root] INFO: - 局域网访问: http://0.0.0.0:58181/
2025-07-13 20:10:09 [PositionControllerS1] INFO: S1 Levels Updated: High=697.7300, Low=601.2500
2025-07-13 20:10:11 [ExchangeClient] INFO: 理财账户余额更新: {'BNB': 0.00079212, 'USDT': 604.47040085}
2025-07-13 20:10:12 [AdvancedRiskManager] WARNING: 底仓保护触发 (9.92%)，暂停新的卖出操作。
2025-07-13 20:10:42 [ExchangeClient] INFO: 理财账户余额更新: {'BNB': 0.00079212, 'USDT': 604.47043936}
2025-07-13 20:10:51 [GridTrader] INFO: 目标订单金额计算 | 总资产: 815.94 USDT | 计算金额 (10%): 81.59 USDT
2025-07-13 20:11:45 [ExchangeClient] INFO: 理财账户余额更新: {'BNB': 0.00079212, 'USDT': 604.47047787}
2025-07-13 20:12:48 [ExchangeClient] INFO: 理财账户余额更新: {'BNB': 0.00079212, 'USDT': 604.47051637}
2025-07-13 20:13:20 [ExchangeClient] INFO: 理财账户余额更新: {'BNB': 0.00079212, 'USDT': 604.47055489}
2025-07-13 20:14:23 [ExchangeClient] INFO: 理财账户余额更新: {'BNB': 0.00079212, 'USDT': 604.47059343}
2025-07-13 20:15:26 [ExchangeClient] INFO: 理财账户余额更新: {'BNB': 0.00079212, 'USDT': 604.47063196}
2025-07-13 20:16:29 [ExchangeClient] INFO: 理财账户余额更新: {'BNB': 0.00079212, 'USDT': 604.4706705}
2025-07-13 20:17:32 [ExchangeClient] INFO: 理财账户余额更新: {'BNB': 0.00079212, 'USDT': 604.47070905}
2025-07-13 20:18:35 [ExchangeClient] INFO: 理财账户余额更新: {'BNB': 0.00079212, 'USDT': 604.47074762}
2025-07-13 20:19:38 [ExchangeClient] INFO: 理财账户余额更新: {'BNB': 0.00079212, 'USDT': 604.47078623}
2025-07-13 20:19:58 [root] INFO: ==================================================
2025-07-13 20:19:58 [root] INFO: 网格交易系统启动
2025-07-13 20:19:58 [root] INFO: ==================================================
2025-07-13 20:19:58 [ExchangeClient] INFO: 交易所客户端初始化完成
2025-07-13 20:19:58 [OrderTracker] INFO: 加载了 28 条历史交易记录
2025-07-13 20:19:58 [PositionControllerS1] INFO: S1 Position Controller initialized. Lookback=52 days, Sell Target=50.0%, Buy Target=70.0%.
2025-07-13 20:19:58 [GridTrader] INFO: 未找到状态文件，将使用默认配置启动。
2025-07-13 20:19:58 [GridTrader] INFO: 正在加载市场数据...
2025-07-13 20:20:00 [ExchangeClient] INFO: 时间同步完成 | 时差: 1101ms
2025-07-13 20:20:03 [ExchangeClient] INFO: 市场数据加载成功 | 交易对: BNB/USDT
2025-07-13 20:20:06 [ExchangeClient] INFO: 理财账户余额更新: {'BNB': 0.00079212, 'USDT': 604.47078623}
2025-07-13 20:20:07 [GridTrader] INFO: 总资产: 815.97 USDT | 现货: 210.95 USDT (BNB: 0.1161, USDT: 130.55) | 理财: 605.02 USDT (BNB: 0.0008, USDT: 604.47)
2025-07-13 20:20:07 [GridTrader] INFO: 从理财赎回USDT: 0.0022724056800313974
2025-07-13 20:20:08 [ExchangeClient] INFO: 找到USDT活期理财产品: USDT001
2025-07-13 20:20:08 [ExchangeClient] INFO: 开始赎回: 0.00 USDT 到现货
2025-07-13 20:20:09 [ExchangeClient] ERROR: 赎回失败: binance {"code":-1102,"msg":"Mandatory parameter 'amount' was not sent, was empty/null, or malformed."}
2025-07-13 20:20:09 [GridTrader] ERROR: 从理财赎回USDT失败: binance {"code":-1102,"msg":"Mandatory parameter 'amount' was not sent, was empty/null, or malformed."}
2025-07-13 20:20:09 [GridTrader] INFO: 从理财赎回BNB: 0.0724494638075829
2025-07-13 20:20:10 [ExchangeClient] INFO: 找到BNB活期理财产品: BNB001
2025-07-13 20:20:10 [ExchangeClient] INFO: 开始赎回: 0.072449 BNB 到现货
2025-07-13 20:20:11 [ExchangeClient] ERROR: 赎回失败: binance {"code":-6006,"msg":"redeem amount error"}
2025-07-13 20:20:11 [GridTrader] ERROR: 从理财赎回BNB失败: binance {"code":-6006,"msg":"redeem amount error"}
2025-07-13 20:20:11 [GridTrader] INFO: 资金分配完成
USDT: 735.02
BNB: 0.1169
2025-07-13 20:20:11 [GridTrader] INFO: 交易对精度: 数量 0.001, 价格 0.01
2025-07-13 20:20:11 [GridTrader] INFO: 使用加载的基准价: 683.0
2025-07-13 20:20:11 [GridTrader] INFO: 初始化完成 | 交易对: BNB/USDT | 基准价: 683.0
2025-07-13 20:20:11 [root] INFO: 正在发送推送通知: 交易信号通知
2025-07-13 20:20:11 [root] ERROR: 消息推送失败: 状态码=200, 响应={'code': 999, 'msg': '请勿频繁推送相同内容', 'data': None}
2025-07-13 20:20:12 [GridTrader] INFO: 市场当前价: 692.3400 | 价差: +1.37%
2025-07-13 20:20:12 [ExchangeClient] INFO: 成功获取 50 条最近成交记录 for BNB/USDT
2025-07-13 20:20:12 [OrderTracker] INFO: 交易历史备份成功
2025-07-13 20:20:12 [OrderTracker] INFO: 已将 28 条交易记录保存到 D:\GridBNB-USDT\data\trade_history.json
2025-07-13 20:20:12 [GridTrader] INFO: 启动同步：本地历史共 28 条记录
2025-07-13 20:20:12 [PositionControllerS1] INFO: S1: Time to update daily high/low levels...
2025-07-13 20:20:12 [root] INFO: Web服务已启动:
2025-07-13 20:20:12 [root] INFO: - 本地访问: http://localhost:58181/
2025-07-13 20:20:12 [root] INFO: - 局域网访问: http://0.0.0.0:58181/
2025-07-13 20:20:13 [PositionControllerS1] INFO: S1 Levels Updated: High=697.7300, Low=601.2500
2025-07-13 20:20:14 [AdvancedRiskManager] WARNING: 底仓保护触发 (9.92%)，暂停新的卖出操作。
2025-07-13 20:20:51 [GridTrader] INFO: 目标订单金额计算 | 总资产: 815.97 USDT | 计算金额 (10%): 81.60 USDT
2025-07-13 20:30:26 [root] INFO: ==================================================
2025-07-13 20:30:26 [root] INFO: 网格交易系统启动
2025-07-13 20:30:26 [root] INFO: ==================================================
2025-07-13 20:30:26 [ExchangeClient] INFO: 交易所客户端初始化完成
2025-07-13 20:30:26 [OrderTracker] INFO: 加载了 28 条历史交易记录
2025-07-13 20:30:26 [PositionControllerS1] INFO: S1 Position Controller initialized. Lookback=52 days, Sell Target=50.0%, Buy Target=70.0%.
2025-07-13 20:30:26 [GridTrader] INFO: 未找到状态文件，将使用默认配置启动。
2025-07-13 20:30:26 [GridTrader] INFO: 正在加载市场数据...
2025-07-13 20:30:28 [ExchangeClient] INFO: 时间同步完成 | 时差: 1097ms
2025-07-13 20:30:32 [ExchangeClient] INFO: 市场数据加载成功 | 交易对: BNB/USDT
2025-07-13 20:30:34 [ExchangeClient] INFO: 理财账户余额更新: {'BNB': 0.00079212, 'USDT': 604.47121087}
2025-07-13 20:30:36 [GridTrader] INFO: 总资产: 815.96 USDT | 现货: 210.94 USDT (BNB: 0.1161, USDT: 130.55) | 理财: 605.02 USDT (BNB: 0.0008, USDT: 604.47)
2025-07-13 20:30:36 [GridTrader] INFO: 从理财赎回USDT: 0.0015921251680026671
2025-07-13 20:30:37 [ExchangeClient] INFO: 找到USDT活期理财产品: USDT001
2025-07-13 20:30:37 [ExchangeClient] INFO: 开始赎回: 0.00 USDT 到现货
2025-07-13 20:30:38 [ExchangeClient] ERROR: 赎回失败: binance {"code":-1102,"msg":"Mandatory parameter 'amount' was not sent, was empty/null, or malformed."}
2025-07-13 20:30:38 [GridTrader] ERROR: 从理财赎回USDT失败: binance {"code":-1102,"msg":"Mandatory parameter 'amount' was not sent, was empty/null, or malformed."}
2025-07-13 20:30:38 [GridTrader] INFO: 从理财赎回BNB: 0.0724593761394
2025-07-13 20:30:38 [ExchangeClient] INFO: 找到BNB活期理财产品: BNB001
2025-07-13 20:30:38 [ExchangeClient] INFO: 开始赎回: 0.072459 BNB 到现货
2025-07-13 20:30:39 [ExchangeClient] ERROR: 赎回失败: binance {"code":-6006,"msg":"redeem amount error"}
2025-07-13 20:30:39 [GridTrader] ERROR: 从理财赎回BNB失败: binance {"code":-6006,"msg":"redeem amount error"}
2025-07-13 20:30:39 [GridTrader] INFO: 资金分配完成
USDT: 735.02
BNB: 0.1169
2025-07-13 20:30:39 [GridTrader] INFO: 交易对精度: 数量 0.001, 价格 0.01
2025-07-13 20:30:39 [GridTrader] INFO: 使用加载的基准价: 683.0
2025-07-13 20:30:39 [GridTrader] INFO: 初始化完成 | 交易对: BNB/USDT | 基准价: 683.0
2025-07-13 20:30:39 [root] INFO: 正在发送推送通知: 交易信号通知
2025-07-13 20:30:40 [root] ERROR: 消息推送失败: 状态码=200, 响应={'code': 999, 'msg': '请勿频繁推送相同内容', 'data': None}
2025-07-13 20:30:41 [GridTrader] INFO: 市场当前价: 692.3200 | 价差: +1.36%
2025-07-13 20:30:41 [ExchangeClient] INFO: 成功获取 50 条最近成交记录 for BNB/USDT
2025-07-13 20:30:41 [OrderTracker] INFO: 交易历史备份成功
2025-07-13 20:30:41 [OrderTracker] INFO: 已将 28 条交易记录保存到 D:\GridBNB-USDT\data\trade_history.json
2025-07-13 20:30:41 [GridTrader] INFO: 启动同步：本地历史共 28 条记录
2025-07-13 20:30:41 [PositionControllerS1] INFO: S1: Time to update daily high/low levels...
2025-07-13 20:30:41 [root] INFO: Web服务已启动:
2025-07-13 20:30:41 [root] INFO: - 本地访问: http://localhost:58181/
2025-07-13 20:30:41 [root] INFO: - 局域网访问: http://0.0.0.0:58181/
2025-07-13 20:30:42 [PositionControllerS1] INFO: S1 Levels Updated: High=697.7300, Low=601.2500
2025-07-13 20:30:43 [AdvancedRiskManager] WARNING: 底仓保护触发 (9.92%)，暂停新的卖出操作。
2025-07-13 20:30:51 [GridTrader] INFO: 目标订单金额计算 | 总资产: 815.96 USDT | 计算金额 (10%): 81.60 USDT
2025-07-13 22:17:21 [root] INFO: ==================================================
2025-07-13 22:17:21 [root] INFO: 多币种网格交易系统启动
2025-07-13 22:17:21 [root] INFO: 待运行交易对: ['BNB/USDT']
2025-07-13 22:17:21 [root] INFO: ==================================================
2025-07-13 22:17:21 [ExchangeClient] INFO: 交易所客户端初始化完成
2025-07-13 22:17:24 [ExchangeClient] INFO: 时间同步完成 | 时差: 972ms
2025-07-13 22:17:29 [ExchangeClient] INFO: 市场数据加载成功 | 交易对: BNB/USDT
2025-07-13 22:17:29 [root] INFO: 市场数据加载完成，开始创建交易器实例...
2025-07-13 22:17:29 [OrderTracker] INFO: 加载了 28 条历史交易记录
2025-07-13 22:17:29 [PositionControllerS1] INFO: S1 Position Controller initialized. Lookback=52 days, Sell Target=50.0%, Buy Target=70.0%.
2025-07-13 22:17:29 [GridTrader[BNB/USDT]] INFO: 未找到状态文件，将使用默认配置启动。
2025-07-13 22:17:29 [GridTrader[BNB/USDT]] INFO: 正在加载市场数据...
2025-07-13 22:17:30 [ExchangeClient] INFO: 理财账户余额更新: {'BNB': 0.00079212, 'USDT': 604.47535571}
2025-07-13 22:17:31 [GridTrader[BNB/USDT]] INFO: 总资产: 815.98 USDT | 现货: 210.95 USDT (BNB: 0.1161, USDT: 130.55) | 理财: 605.02 USDT (BNB: 0.0008, USDT: 604.48)
2025-07-13 22:17:31 [GridTrader[BNB/USDT]] INFO: 从理财赎回USDT: 0.00431291257601174
2025-07-13 22:17:32 [ExchangeClient] INFO: 找到USDT活期理财产品: USDT001
2025-07-13 22:17:32 [ExchangeClient] INFO: 开始赎回: 0.00 USDT 到现货
2025-07-13 22:17:33 [ExchangeClient] ERROR: 赎回失败: binance {"code":-1102,"msg":"Mandatory parameter 'amount' was not sent, was empty/null, or malformed."}
2025-07-13 22:17:33 [GridTrader[BNB/USDT]] ERROR: 从理财赎回USDT失败: binance {"code":-1102,"msg":"Mandatory parameter 'amount' was not sent, was empty/null, or malformed."}
2025-07-13 22:17:33 [GridTrader[BNB/USDT]] INFO: 从理财赎回BNB: 0.07243334758437943
2025-07-13 22:17:34 [ExchangeClient] INFO: 找到BNB活期理财产品: BNB001
2025-07-13 22:17:34 [ExchangeClient] INFO: 开始赎回: 0.072433 BNB 到现货
2025-07-13 22:17:35 [ExchangeClient] ERROR: 赎回失败: binance {"code":-6006,"msg":"redeem amount error"}
2025-07-13 22:17:35 [GridTrader[BNB/USDT]] ERROR: 从理财赎回BNB失败: binance {"code":-6006,"msg":"redeem amount error"}
2025-07-13 22:17:35 [GridTrader[BNB/USDT]] INFO: 资金分配完成
USDT: 735.03
BNB: 0.1169
2025-07-13 22:17:35 [GridTrader[BNB/USDT]] INFO: 交易对精度: 数量 0.001, 价格 0.01
2025-07-13 22:17:35 [GridTrader[BNB/USDT]] INFO: 交易对 BNB/USDT 未在INITIAL_PARAMS_JSON中指定初始基准价
2025-07-13 22:17:35 [GridTrader[BNB/USDT]] INFO: 使用实时价格作为基准价: 692.5
2025-07-13 22:17:35 [GridTrader[BNB/USDT]] INFO: 初始化完成 | 交易对: BNB/USDT | 基准价: 692.5
2025-07-13 22:17:35 [root] INFO: 正在发送推送通知: 交易信号通知
2025-07-13 22:17:36 [root] INFO: 消息推送成功: 网格交易启动成功
交易对: BNB/USDT
基准价: 692.5 USDT
网格大小: 2.0%
触发阈值: 0.4% (网格大小的1/5)
2025-07-13 22:17:36 [GridTrader[BNB/USDT]] INFO: 市场当前价: 692.5000 | 价差: +0.00%
2025-07-13 22:17:36 [GridTrader[BNB/USDT]] ERROR: 同步最近成交失败: 'TradingConfig' object has no attribute 'SYMBOL'
2025-07-13 22:17:36 [root] INFO: 启动Web服务器监控 1 个交易对...
2025-07-13 22:17:36 [root] INFO: 开始并发运行 1 个交易对...
2025-07-13 22:17:36 [PositionControllerS1] INFO: S1: Time to update daily high/low levels...
2025-07-13 22:17:36 [root] INFO: Web服务已启动:
2025-07-13 22:17:36 [root] INFO: - 本地访问: http://localhost:58181/
2025-07-13 22:17:36 [root] INFO: - 局域网访问: http://0.0.0.0:58181/
2025-07-13 22:17:37 [PositionControllerS1] INFO: S1 Levels Updated: High=697.7300, Low=601.2500
2025-07-13 22:17:38 [AdvancedRiskManager] WARNING: 底仓保护触发 (9.92%)，暂停新的卖出操作。
2025-07-13 22:17:39 [GridTrader[BNB/USDT]] ERROR: 计算波动率失败: 'TradingConfig' object has no attribute 'SYMBOL'
2025-07-13 22:17:45 [GridTrader[BNB/USDT]] INFO: 目标订单金额计算 | 总资产: 815.98 USDT | 计算金额 (10%): 81.60 USDT
2025-07-13 22:17:46 [GridTrader[BNB/USDT]] ERROR: 计算波动率失败: 'TradingConfig' object has no attribute 'SYMBOL'
2025-07-13 22:17:53 [GridTrader[BNB/USDT]] ERROR: 计算波动率失败: 'TradingConfig' object has no attribute 'SYMBOL'
2025-07-13 22:18:02 [GridTrader[BNB/USDT]] ERROR: 计算波动率失败: 'TradingConfig' object has no attribute 'SYMBOL'
2025-07-13 22:18:09 [GridTrader[BNB/USDT]] ERROR: 计算波动率失败: 'TradingConfig' object has no attribute 'SYMBOL'
2025-07-13 22:18:16 [GridTrader[BNB/USDT]] ERROR: 计算波动率失败: 'TradingConfig' object has no attribute 'SYMBOL'
2025-07-13 22:18:23 [GridTrader[BNB/USDT]] ERROR: 计算波动率失败: 'TradingConfig' object has no attribute 'SYMBOL'
2025-07-13 22:18:32 [GridTrader[BNB/USDT]] ERROR: 计算波动率失败: 'TradingConfig' object has no attribute 'SYMBOL'
2025-07-13 22:18:39 [GridTrader[BNB/USDT]] ERROR: 计算波动率失败: 'TradingConfig' object has no attribute 'SYMBOL'
2025-07-13 22:18:46 [GridTrader[BNB/USDT]] ERROR: 计算波动率失败: 'TradingConfig' object has no attribute 'SYMBOL'
2025-07-13 22:18:53 [GridTrader[BNB/USDT]] ERROR: 计算波动率失败: 'TradingConfig' object has no attribute 'SYMBOL'
2025-07-13 22:19:00 [GridTrader[BNB/USDT]] ERROR: 计算波动率失败: 'TradingConfig' object has no attribute 'SYMBOL'
2025-07-13 22:19:07 [GridTrader[BNB/USDT]] ERROR: 计算波动率失败: 'TradingConfig' object has no attribute 'SYMBOL'
2025-07-13 22:19:14 [GridTrader[BNB/USDT]] ERROR: 计算波动率失败: 'TradingConfig' object has no attribute 'SYMBOL'
2025-07-13 22:19:21 [GridTrader[BNB/USDT]] ERROR: 计算波动率失败: 'TradingConfig' object has no attribute 'SYMBOL'
2025-07-13 22:19:28 [GridTrader[BNB/USDT]] ERROR: 计算波动率失败: 'TradingConfig' object has no attribute 'SYMBOL'
2025-07-13 22:19:43 [GridTrader[BNB/USDT]] ERROR: 计算波动率失败: 'TradingConfig' object has no attribute 'SYMBOL'
2025-07-13 22:19:52 [GridTrader[BNB/USDT]] ERROR: 计算波动率失败: 'TradingConfig' object has no attribute 'SYMBOL'
2025-07-13 22:19:59 [GridTrader[BNB/USDT]] ERROR: 计算波动率失败: 'TradingConfig' object has no attribute 'SYMBOL'
2025-07-13 22:20:08 [GridTrader[BNB/USDT]] ERROR: 计算波动率失败: 'TradingConfig' object has no attribute 'SYMBOL'
2025-07-13 22:20:15 [GridTrader[BNB/USDT]] ERROR: 计算波动率失败: 'TradingConfig' object has no attribute 'SYMBOL'
2025-07-13 22:20:22 [GridTrader[BNB/USDT]] ERROR: 计算波动率失败: 'TradingConfig' object has no attribute 'SYMBOL'
2025-07-13 22:20:28 [GridTrader[BNB/USDT]] ERROR: 计算波动率失败: 'TradingConfig' object has no attribute 'SYMBOL'
2025-07-13 22:20:35 [ExchangeClient] INFO: 交易所连接已安全关闭
2025-07-13 22:20:35 [root] INFO: 共享的交易所连接已安全关闭
2025-07-13 22:20:35 [root] INFO: 所有交易任务已结束。程序即将退出。
2025-07-13 22:35:43 [root] INFO: ==================================================
2025-07-13 22:35:43 [root] INFO: 多币种网格交易系统启动
2025-07-13 22:35:43 [root] INFO: 待运行交易对: ['BNB/USDT']
2025-07-13 22:35:43 [root] INFO: ==================================================
2025-07-13 22:35:43 [ExchangeClient] INFO: 交易所客户端初始化完成
2025-07-13 22:35:46 [ExchangeClient] INFO: 时间同步完成 | 时差: 952ms
2025-07-13 22:35:50 [ExchangeClient] INFO: 市场数据加载成功 | 交易对: BNB/USDT
2025-07-13 22:35:50 [root] INFO: 市场数据加载完成，开始创建交易器实例...
2025-07-13 22:35:50 [OrderTracker] INFO: 加载了 28 条历史交易记录
2025-07-13 22:35:50 [PositionControllerS1] INFO: S1 Position Controller initialized. Lookback=52 days, Sell Target=50.0%, Buy Target=70.0%.
2025-07-13 22:35:50 [GridTrader[BNB/USDT]] INFO: 成功从文件加载状态。基准价: 0.00, 网格: 2.00%, EWMA已初始化: True
2025-07-13 22:35:50 [GridTrader[BNB/USDT]] INFO: 正在加载市场数据...
2025-07-13 22:35:51 [ExchangeClient] INFO: 理财账户余额更新: {'BNB': 0.00079212, 'USDT': 604.47606411}
2025-07-13 22:35:52 [GridTrader[BNB/USDT]] INFO: 总资产: 816.12 USDT | 现货: 211.09 USDT (BNB: 0.1161, USDT: 130.55) | 理财: 605.03 USDT (BNB: 0.0008, USDT: 604.48)
2025-07-13 22:35:53 [GridTrader[BNB/USDT]] INFO: 从理财赎回USDT: 0.026498832480029932
2025-07-13 22:35:53 [ExchangeClient] INFO: 找到USDT活期理财产品: USDT001
2025-07-13 22:35:53 [ExchangeClient] INFO: 开始赎回: 0.03 USDT 到现货
2025-07-13 22:35:55 [ExchangeClient] INFO: 划转成功: {'redeemId': '642377860', 'success': True}
2025-07-13 22:35:55 [GridTrader[BNB/USDT]] INFO: 已从理财赎回 0.03 USDT
2025-07-13 22:35:55 [GridTrader[BNB/USDT]] INFO: 从理财赎回BNB: 0.07214455818408307
2025-07-13 22:35:55 [ExchangeClient] INFO: 找到BNB活期理财产品: BNB001
2025-07-13 22:35:55 [ExchangeClient] INFO: 开始赎回: 0.072145 BNB 到现货
2025-07-13 22:35:56 [ExchangeClient] ERROR: 赎回失败: binance {"code":-6006,"msg":"redeem amount error"}
2025-07-13 22:35:56 [GridTrader[BNB/USDT]] ERROR: 从理财赎回BNB失败: binance {"code":-6006,"msg":"redeem amount error"}
2025-07-13 22:35:56 [GridTrader[BNB/USDT]] INFO: 资金分配完成
USDT: 735.03
BNB: 0.1169
2025-07-13 22:35:56 [GridTrader[BNB/USDT]] INFO: 交易对精度: 数量 0.001, 价格 0.01
2025-07-13 22:35:56 [GridTrader[BNB/USDT]] INFO: 交易对 BNB/USDT 未在INITIAL_PARAMS_JSON中指定初始基准价
2025-07-13 22:35:57 [GridTrader[BNB/USDT]] INFO: 使用实时价格作为基准价: 693.6
2025-07-13 22:35:57 [GridTrader[BNB/USDT]] INFO: 初始化完成 | 交易对: BNB/USDT | 基准价: 693.6
2025-07-13 22:35:57 [root] INFO: 正在发送推送通知: 交易信号通知
2025-07-13 22:35:57 [root] INFO: 消息推送成功: 网格交易启动成功
交易对: BNB/USDT
基准价: 693.6 USDT
网格大小: 2.0%
触发阈值: 0.4% (网格大小的1/5)
2025-07-13 22:35:58 [GridTrader[BNB/USDT]] INFO: 市场当前价: 693.5900 | 价差: -0.00%
2025-07-13 22:35:58 [ExchangeClient] INFO: 成功获取 50 条最近成交记录 for BNB/USDT
2025-07-13 22:35:58 [OrderTracker] INFO: 交易历史备份成功
2025-07-13 22:35:58 [OrderTracker] INFO: 已将 28 条交易记录保存到 d:\GridBNB-USDT\data\trade_history.json
2025-07-13 22:35:58 [GridTrader[BNB/USDT]] INFO: 启动同步：本地历史共 28 条记录
2025-07-13 22:35:58 [root] INFO: 启动Web服务器监控 1 个交易对...
2025-07-13 22:35:58 [root] INFO: 开始并发运行 1 个交易对...
2025-07-13 22:35:58 [PositionControllerS1] INFO: S1: Time to update daily high/low levels...
2025-07-13 22:35:58 [root] INFO: Web服务已启动:
2025-07-13 22:35:58 [root] INFO: - 本地访问: http://localhost:58181/
2025-07-13 22:35:58 [root] INFO: - 局域网访问: http://0.0.0.0:58181/
2025-07-13 22:35:59 [PositionControllerS1] INFO: S1 Levels Updated: High=697.7300, Low=601.2500
2025-07-13 22:36:01 [ExchangeClient] INFO: 理财账户余额更新: {'BNB': 0.00079212, 'USDT': 604.44606412}
2025-07-13 22:36:02 [AdvancedRiskManager] WARNING: 底仓保护触发 (9.94%)，暂停新的卖出操作。
2025-07-13 22:36:21 [GridTrader[BNB/USDT]] INFO: 目标订单金额计算 | 总资产: 816.12 USDT | 计算金额 (10%): 81.61 USDT
2025-07-13 22:50:12 [ExchangeClient] INFO: 交易所连接已安全关闭
2025-07-13 22:50:12 [root] INFO: 共享的交易所连接已安全关闭
2025-07-13 22:50:12 [root] INFO: 所有交易任务已结束。程序即将退出。
2025-07-13 22:50:25 [root] INFO: ==================================================
2025-07-13 22:50:25 [root] INFO: 多币种网格交易系统启动
2025-07-13 22:50:25 [root] INFO: 待运行交易对: ['BNB/USDT']
2025-07-13 22:50:25 [root] INFO: ==================================================
2025-07-13 22:50:25 [ExchangeClient] INFO: 交易所客户端初始化完成
2025-07-13 22:50:27 [ExchangeClient] INFO: 时间同步完成 | 时差: 901ms
2025-07-13 22:50:31 [ExchangeClient] INFO: 市场数据加载成功 | 交易对: BNB/USDT
2025-07-13 22:50:31 [root] INFO: 市场数据加载完成，开始创建交易器实例...
2025-07-13 22:50:31 [OrderTracker] INFO: 加载了 28 条历史交易记录
2025-07-13 22:50:31 [PositionControllerS1] INFO: S1 Position Controller initialized. Lookback=52 days, Sell Target=50.0%, Buy Target=70.0%.
2025-07-13 22:50:31 [GridTrader[BNB/USDT]] INFO: 成功从文件加载状态。基准价: 683.00, 网格: 2.00%, EWMA已初始化: True
2025-07-13 22:50:31 [GridTrader[BNB/USDT]] INFO: 正在加载市场数据...
2025-07-13 22:50:32 [ExchangeClient] INFO: 理财账户余额更新: {'BNB': 0.00079212, 'USDT': 604.44665837}
2025-07-13 22:50:34 [GridTrader[BNB/USDT]] INFO: 总资产: 815.90 USDT | 现货: 210.90 USDT (BNB: 0.1161, USDT: 130.58) | 理财: 604.99 USDT (BNB: 0.0008, USDT: 604.45)
2025-07-13 22:50:34 [GridTrader[BNB/USDT]] INFO: 发现可划转USDT: 0.038759618511960525
2025-07-13 22:50:34 [GridTrader[BNB/USDT]] INFO: 可划转USDT (0.04) 低于最小申购额 1.0，跳过申购
2025-07-13 22:50:34 [GridTrader[BNB/USDT]] INFO: 从理财赎回BNB: 0.07261071382750907
2025-07-13 22:50:35 [ExchangeClient] INFO: 找到BNB活期理财产品: BNB001
2025-07-13 22:50:35 [ExchangeClient] INFO: 开始赎回: 0.072611 BNB 到现货
2025-07-13 22:50:36 [ExchangeClient] ERROR: 赎回失败: binance {"code":-6006,"msg":"redeem amount error"}
2025-07-13 22:50:36 [GridTrader[BNB/USDT]] ERROR: 从理财赎回BNB失败: binance {"code":-6006,"msg":"redeem amount error"}
2025-07-13 22:50:36 [GridTrader[BNB/USDT]] INFO: 资金分配完成
USDT: 735.03
BNB: 0.1169
2025-07-13 22:50:36 [GridTrader[BNB/USDT]] INFO: 交易对精度: 数量 0.001, 价格 0.01
2025-07-13 22:50:36 [GridTrader[BNB/USDT]] INFO: 使用配置的基准价: 683.0
2025-07-13 22:50:36 [GridTrader[BNB/USDT]] INFO: 初始化完成 | 交易对: BNB/USDT | 基准价: 683.0
2025-07-13 22:50:36 [root] INFO: 正在发送推送通知: 交易信号通知
2025-07-13 22:50:37 [root] ERROR: 消息推送失败: 状态码=200, 响应={'code': 999, 'msg': '请勿频繁推送相同内容', 'data': None}
2025-07-13 22:50:37 [GridTrader[BNB/USDT]] INFO: 市场当前价: 691.6300 | 价差: +1.26%
2025-07-13 22:50:38 [ExchangeClient] INFO: 成功获取 50 条最近成交记录 for BNB/USDT
2025-07-13 22:50:38 [OrderTracker] INFO: 交易历史备份成功
2025-07-13 22:50:38 [OrderTracker] INFO: 已将 28 条交易记录保存到 d:\GridBNB-USDT\data\trade_history.json
2025-07-13 22:50:38 [GridTrader[BNB/USDT]] INFO: 启动同步：本地历史共 28 条记录
2025-07-13 22:50:38 [root] INFO: 启动Web服务器监控 1 个交易对...
2025-07-13 22:50:38 [root] INFO: 开始并发运行 1 个交易对...
2025-07-13 22:50:38 [PositionControllerS1] INFO: S1: Time to update daily high/low levels...
2025-07-13 22:50:38 [root] INFO: Web服务已启动:
2025-07-13 22:50:38 [root] INFO: - 本地访问: http://localhost:58181/
2025-07-13 22:50:38 [root] INFO: - 局域网访问: http://0.0.0.0:58181/
2025-07-13 22:50:38 [PositionControllerS1] INFO: S1 Levels Updated: High=697.7300, Low=601.2500
2025-07-13 22:50:39 [AdvancedRiskManager] WARNING: 底仓保护触发 (9.91%)，暂停新的卖出操作。
2025-07-13 22:50:51 [GridTrader[BNB/USDT]] INFO: 目标订单金额计算 | 总资产: 815.90 USDT | 计算金额 (10%): 81.59 USDT
2025-07-13 22:51:20 [ExchangeClient] INFO: 交易所连接已安全关闭
2025-07-13 22:51:20 [root] INFO: 共享的交易所连接已安全关闭
2025-07-13 22:51:20 [root] INFO: 所有交易任务已结束。程序即将退出。
